This is pdfTeX, Version 3.141592653-2.6-1.40.23 (MiKTeX 21.10) (preloaded format=pdflatex 2021.12.1)  22 OCT 2022 19:33
entering extended mode
**./10-analysis.tex
(10-analysis.tex
LaTeX2e <2021-11-15>
L3 programming layer <2021-11-22>
! Undefined control sequence.
l.1 \section
            {–ê–Ω–∞–ª–∏—Ç–∏—á–µ—Å–∫–∞—è —á–∞—Å—Ç—å}
The control sequence at the end of the top line
of your error message was never \def'ed. If you have
misspelled it (e.g., `\hobx'), type `I' and the correct
spelling (e.g., `I\hbox'). Otherwise just continue,
and I'll forget about whatever was undefined.


! LaTeX Error: Unicode character –ê (U+0410)
               not set up for use with LaTeX.

See the LaTeX manual or LaTeX Companion for explanation.
Type  H <return>  for immediate help.
 ...                                              
                                                  
l.1 \section{–ê
               –Ω–∞–ª–∏—Ç–∏—á–µ—Å–∫–∞—è —á–∞—Å—Ç—å}
You may provide a definition with
\DeclareUnicodeCharacter 


! LaTeX Error: Unicode character –Ω (U+043D)
               not set up for use with LaTeX.

See the LaTeX manual or LaTeX Companion for explanation.
Type  H <return>  for immediate help.
 ...                                              
                                                  
l.1 \section{–ê–Ω
                 –∞–ª–∏—Ç–∏—á–µ—Å–∫–∞—è —á–∞—Å—Ç—å}
You may provide a definition with
\DeclareUnicodeCharacter 


! LaTeX Error: Unicode character –∞ (U+0430)
               not set up for use with LaTeX.

See the LaTeX manual or LaTeX Companion for explanation.
Type  H <return>  for immediate help.
 ...                                              
                                                  
l.1 \section{–ê–Ω–∞
                   –ª–∏—Ç–∏—á–µ—Å–∫–∞—è —á–∞—Å—Ç—å}
You may provide a definition with
\DeclareUnicodeCharacter 


! LaTeX Error: Unicode character –ª (U+043B)
               not set up for use with LaTeX.

See the LaTeX manual or LaTeX Companion for explanation.
Type  H <return>  for immediate help.
 ...                                              
                                                  
l.1 \section{–ê–Ω–∞–ª
                     –∏—Ç–∏—á–µ—Å–∫–∞—è —á–∞—Å—Ç—å}
You may provide a definition with
\DeclareUnicodeCharacter 


! LaTeX Error: Unicode character –∏ (U+0438)
               not set up for use with LaTeX.

See the LaTeX manual or LaTeX Companion for explanation.
Type  H <return>  for immediate help.
 ...                                              
                                                  
l.1 \section{–ê–Ω–∞–ª–∏
                       —Ç–∏—á–µ—Å–∫–∞—è —á–∞—Å—Ç—å}
You may provide a definition with
\DeclareUnicodeCharacter 


! LaTeX Error: Unicode character —Ç (U+0442)
               not set up for use with LaTeX.

See the LaTeX manual or LaTeX Companion for explanation.
Type  H <return>  for immediate help.
 ...                                              
                                                  
l.1 \section{–ê–Ω–∞–ª–∏—Ç
                         –∏—á–µ—Å–∫–∞—è —á–∞—Å—Ç—å}
You may provide a definition with
\DeclareUnicodeCharacter 


! LaTeX Error: Unicode character –∏ (U+0438)
               not set up for use with LaTeX.

See the LaTeX manual or LaTeX Companion for explanation.
Type  H <return>  for immediate help.
 ...                                              
                                                  
l.1 \section{–ê–Ω–∞–ª–∏—Ç–∏
                           —á–µ—Å–∫–∞—è —á–∞—Å—Ç—å}
You may provide a definition with
\DeclareUnicodeCharacter 


! LaTeX Error: Unicode character —á (U+0447)
               not set up for use with LaTeX.

See the LaTeX manual or LaTeX Companion for explanation.
Type  H <return>  for immediate help.
 ...                                              
                                                  
l.1 \section{–ê–Ω–∞–ª–∏—Ç–∏—á
                             –µ—Å–∫–∞—è —á–∞—Å—Ç—å}
You may provide a definition with
\DeclareUnicodeCharacter 


! LaTeX Error: Unicode character –µ (U+0435)
               not set up for use with LaTeX.

See the LaTeX manual or LaTeX Companion for explanation.
Type  H <return>  for immediate help.
 ...                                              
                                                  
l.1 \section{–ê–Ω–∞–ª–∏—Ç–∏—á–µ
                               —Å–∫–∞—è —á–∞—Å—Ç—å}
You may provide a definition with
\DeclareUnicodeCharacter 


! LaTeX Error: Unicode character —Å (U+0441)
               not set up for use with LaTeX.

See the LaTeX manual or LaTeX Companion for explanation.
Type  H <return>  for immediate help.
 ...                                              
                                                  
l.1 \section{–ê–Ω–∞–ª–∏—Ç–∏—á–µ—Å
                                 –∫–∞—è —á–∞—Å—Ç—å}
You may provide a definition with
\DeclareUnicodeCharacter 


! LaTeX Error: Unicode character –∫ (U+043A)
               not set up for use with LaTeX.

See the LaTeX manual or LaTeX Companion for explanation.
Type  H <return>  for immediate help.
 ...                                              
                                                  
l.1 \section{–ê–Ω–∞–ª–∏—Ç–∏—á–µ—Å–∫
                                   –∞—è —á–∞—Å—Ç—å}
You may provide a definition with
\DeclareUnicodeCharacter 


! LaTeX Error: Unicode character –∞ (U+0430)
               not set up for use with LaTeX.

See the LaTeX manual or LaTeX Companion for explanation.
Type  H <return>  for immediate help.
 ...                                              
                                                  
l.1 \section{–ê–Ω–∞–ª–∏—Ç–∏—á–µ—Å–∫–∞
                                     —è —á–∞—Å—Ç—å}
You may provide a definition with
\DeclareUnicodeCharacter 


! LaTeX Error: Unicode character —è (U+044F)
               not set up for use with LaTeX.

See the LaTeX manual or LaTeX Companion for explanation.
Type  H <return>  for immediate help.
 ...                                              
                                                  
l.1 \section{–ê–Ω–∞–ª–∏—Ç–∏—á–µ—Å–∫–∞—è
                                        —á–∞—Å—Ç—å}
You may provide a definition with
\DeclareUnicodeCharacter 


! LaTeX Error: Unicode character —á (U+0447)
               not set up for use with LaTeX.

See the LaTeX manual or LaTeX Companion for explanation.
Type  H <return>  for immediate help.
 ...                                              
                                                  
l.1 \section{–ê–Ω–∞–ª–∏—Ç–∏—á–µ—Å–∫–∞—è —á
                                          –∞—Å—Ç—å}
You may provide a definition with
\DeclareUnicodeCharacter 


! LaTeX Error: Unicode character –∞ (U+0430)
               not set up for use with LaTeX.

See the LaTeX manual or LaTeX Companion for explanation.
Type  H <return>  for immediate help.
 ...                                              
                                                  
l.1 \section{–ê–Ω–∞–ª–∏—Ç–∏—á–µ—Å–∫–∞—è —á–∞
                                            —Å—Ç—å}
You may provide a definition with
\DeclareUnicodeCharacter 


! LaTeX Error: Unicode character —Å (U+0441)
               not set up for use with LaTeX.

See the LaTeX manual or LaTeX Companion for explanation.
Type  H <return>  for immediate help.
 ...                                              
                                                  
l.1 \section{–ê–Ω–∞–ª–∏—Ç–∏—á–µ—Å–∫–∞—è —á–∞—Å
                                              —Ç—å}
You may provide a definition with
\DeclareUnicodeCharacter 


! LaTeX Error: Unicode character —Ç (U+0442)
               not set up for use with LaTeX.

See the LaTeX manual or LaTeX Companion for explanation.
Type  H <return>  for immediate help.
 ...                                              
                                                  
l.1 \section{–ê–Ω–∞–ª–∏—Ç–∏—á–µ—Å–∫–∞—è —á–∞—Å—Ç
                                                —å}
You may provide a definition with
\DeclareUnicodeCharacter 


! LaTeX Error: Unicode character —å (U+044C)
               not set up for use with LaTeX.

See the LaTeX manual or LaTeX Companion for explanation.
Type  H <return>  for immediate help.
 ...                                              
                                                  
l.1 \section{–ê–Ω–∞–ª–∏—Ç–∏—á–µ—Å–∫–∞—è —á–∞—Å—Ç—å
                                                  }
You may provide a definition with
\DeclareUnicodeCharacter 


! LaTeX Error: Unicode character –° (U+0421)
               not set up for use with LaTeX.

See the LaTeX manual or LaTeX Companion for explanation.
Type  H <return>  for immediate help.
 ...                                              
                                                  
l.3 –°
      –µ—Ç–µ–≤–∞—è –∞—Ç–∞–∫–∞ -- –¥–µ–π—Å—Ç–≤–∏–µ, —Ü–µ–ª—å—é –∫–æ—Ç–æ—Ä–æ–≥...

You may provide a definition with
\DeclareUnicodeCharacter 


! LaTeX Error: Unicode character –µ (U+0435)
               not set up for use with LaTeX.

See the LaTeX manual or LaTeX Companion for explanation.
Type  H <return>  for immediate help.
 ...                                              
                                                  
l.3 –°–µ
        —Ç–µ–≤–∞—è –∞—Ç–∞–∫–∞ -- –¥–µ–π—Å—Ç–≤–∏–µ, —Ü–µ–ª—å—é –∫–æ—Ç–æ—Ä–æ–≥...

You may provide a definition with
\DeclareUnicodeCharacter 


! LaTeX Error: Unicode character —Ç (U+0442)
               not set up for use with LaTeX.

See the LaTeX manual or LaTeX Companion for explanation.
Type  H <return>  for immediate help.
 ...                                              
                                                  
l.3 –°–µ—Ç
          –µ–≤–∞—è –∞—Ç–∞–∫–∞ -- –¥–µ–π—Å—Ç–≤–∏–µ, —Ü–µ–ª—å—é –∫–æ—Ç–æ—Ä–æ–≥...

You may provide a definition with
\DeclareUnicodeCharacter 


! LaTeX Error: Unicode character –µ (U+0435)
               not set up for use with LaTeX.

See the LaTeX manual or LaTeX Companion for explanation.
Type  H <return>  for immediate help.
 ...                                              
                                                  
l.3 –°–µ—Ç–µ
            –≤–∞—è –∞—Ç–∞–∫–∞ -- –¥–µ–π—Å—Ç–≤–∏–µ, —Ü–µ–ª—å—é –∫–æ—Ç–æ—Ä–æ–≥...

You may provide a definition with
\DeclareUnicodeCharacter 


! LaTeX Error: Unicode character –≤ (U+0432)
               not set up for use with LaTeX.

See the LaTeX manual or LaTeX Companion for explanation.
Type  H <return>  for immediate help.
 ...                                              
                                                  
l.3 –°–µ—Ç–µ–≤
              –∞—è –∞—Ç–∞–∫–∞ -- –¥–µ–π—Å—Ç–≤–∏–µ, —Ü–µ–ª—å—é –∫–æ—Ç–æ—Ä–æ–≥...

You may provide a definition with
\DeclareUnicodeCharacter 


! LaTeX Error: Unicode character –∞ (U+0430)
               not set up for use with LaTeX.

See the LaTeX manual or LaTeX Companion for explanation.
Type  H <return>  for immediate help.
 ...                                              
                                                  
l.3 –°–µ—Ç–µ–≤–∞
                —è –∞—Ç–∞–∫–∞ -- –¥–µ–π—Å—Ç–≤–∏–µ, —Ü–µ–ª—å—é –∫–æ—Ç–æ—Ä–æ–≥...

You may provide a definition with
\DeclareUnicodeCharacter 


! LaTeX Error: Unicode character —è (U+044F)
               not set up for use with LaTeX.

See the LaTeX manual or LaTeX Companion for explanation.
Type  H <return>  for immediate help.
 ...                                              
                                                  
l.3 –°–µ—Ç–µ–≤–∞—è
                   –∞—Ç–∞–∫–∞ -- –¥–µ–π—Å—Ç–≤–∏–µ, —Ü–µ–ª—å—é –∫–æ—Ç–æ—Ä–æ–≥...

You may provide a definition with
\DeclareUnicodeCharacter 


! LaTeX Error: Unicode character –∞ (U+0430)
               not set up for use with LaTeX.

See the LaTeX manual or LaTeX Companion for explanation.
Type  H <return>  for immediate help.
 ...                                              
                                                  
l.3 –°–µ—Ç–µ–≤–∞—è –∞
                     —Ç–∞–∫–∞ -- –¥–µ–π—Å—Ç–≤–∏–µ, —Ü–µ–ª—å—é –∫–æ—Ç–æ—Ä–æ–≥...

You may provide a definition with
\DeclareUnicodeCharacter 


! LaTeX Error: Unicode character —Ç (U+0442)
               not set up for use with LaTeX.

See the LaTeX manual or LaTeX Companion for explanation.
Type  H <return>  for immediate help.
 ...                                              
                                                  
l.3 –°–µ—Ç–µ–≤–∞—è –∞—Ç
                       –∞–∫–∞ -- –¥–µ–π—Å—Ç–≤–∏–µ, —Ü–µ–ª—å—é –∫–æ—Ç–æ—Ä–æ–≥...

You may provide a definition with
\DeclareUnicodeCharacter 


! LaTeX Error: Unicode character –∞ (U+0430)
               not set up for use with LaTeX.

See the LaTeX manual or LaTeX Companion for explanation.
Type  H <return>  for immediate help.
 ...                                              
                                                  
l.3 –°–µ—Ç–µ–≤–∞—è –∞—Ç–∞
                         –∫–∞ -- –¥–µ–π—Å—Ç–≤–∏–µ, —Ü–µ–ª—å—é –∫–æ—Ç–æ—Ä–æ–≥...

You may provide a definition with
\DeclareUnicodeCharacter 


! LaTeX Error: Unicode character –∫ (U+043A)
               not set up for use with LaTeX.

See the LaTeX manual or LaTeX Companion for explanation.
Type  H <return>  for immediate help.
 ...                                              
                                                  
l.3 –°–µ—Ç–µ–≤–∞—è –∞—Ç–∞–∫
                           –∞ -- –¥–µ–π—Å—Ç–≤–∏–µ, —Ü–µ–ª—å—é –∫–æ—Ç–æ—Ä–æ–≥...

You may provide a definition with
\DeclareUnicodeCharacter 


! LaTeX Error: Unicode character –∞ (U+0430)
               not set up for use with LaTeX.

See the LaTeX manual or LaTeX Companion for explanation.
Type  H <return>  for immediate help.
 ...                                              
                                                  
l.3 –°–µ—Ç–µ–≤–∞—è –∞—Ç–∞–∫–∞
                              -- –¥–µ–π—Å—Ç–≤–∏–µ, —Ü–µ–ª—å—é –∫–æ—Ç–æ—Ä–æ–≥...

You may provide a definition with
\DeclareUnicodeCharacter 


! LaTeX Error: Missing \begin{document}.

See the LaTeX manual or LaTeX Companion for explanation.
Type  H <return>  for immediate help.
 ...                                              
                                                  
l.3 –°–µ—Ç–µ–≤–∞—è –∞—Ç–∞–∫–∞ -
                               - –¥–µ–π—Å—Ç–≤–∏–µ, —Ü–µ–ª—å—é –∫–æ—Ç–æ—Ä–æ–≥...

You're in trouble here.  Try typing  <return>  to proceed.
If that doesn't work, type  X <return>  to quit.

Missing character: There is no - in font nullfont!
Missing character: There is no - in font nullfont!

! LaTeX Error: Unicode character –¥ (U+0434)
               not set up for use with LaTeX.

See the LaTeX manual or LaTeX Companion for explanation.
Type  H <return>  for immediate help.
 ...                                              
                                                  
l.3 –°–µ—Ç–µ–≤–∞—è –∞—Ç–∞–∫–∞ -- –¥
                                   –µ–π—Å—Ç–≤–∏–µ, —Ü–µ–ª—å—é –∫–æ—Ç–æ—Ä–æ–≥...

You may provide a definition with
\DeclareUnicodeCharacter 


! LaTeX Error: Unicode character –µ (U+0435)
               not set up for use with LaTeX.

See the LaTeX manual or LaTeX Companion for explanation.
Type  H <return>  for immediate help.
 ...                                              
                                                  
l.3 –°–µ—Ç–µ–≤–∞—è –∞—Ç–∞–∫–∞ -- –¥–µ
                                     –π—Å—Ç–≤–∏–µ, —Ü–µ–ª—å—é –∫–æ—Ç–æ—Ä–æ–≥...

You may provide a definition with
\DeclareUnicodeCharacter 


! LaTeX Error: Unicode character –π (U+0439)
               not set up for use with LaTeX.

See the LaTeX manual or LaTeX Companion for explanation.
Type  H <return>  for immediate help.
 ...                                              
                                                  
l.3 –°–µ—Ç–µ–≤–∞—è –∞—Ç–∞–∫–∞ -- –¥–µ–π
                                       —Å—Ç–≤–∏–µ, —Ü–µ–ª—å—é –∫–æ—Ç–æ—Ä–æ–≥...

You may provide a definition with
\DeclareUnicodeCharacter 


! LaTeX Error: Unicode character —Å (U+0441)
               not set up for use with LaTeX.

See the LaTeX manual or LaTeX Companion for explanation.
Type  H <return>  for immediate help.
 ...                                              
                                                  
l.3 –°–µ—Ç–µ–≤–∞—è –∞—Ç–∞–∫–∞ -- –¥–µ–π—Å
                                         —Ç–≤–∏–µ, —Ü–µ–ª—å—é –∫–æ—Ç–æ—Ä–æ–≥...

You may provide a definition with
\DeclareUnicodeCharacter 


! LaTeX Error: Unicode character —Ç (U+0442)
               not set up for use with LaTeX.

See the LaTeX manual or LaTeX Companion for explanation.
Type  H <return>  for immediate help.
 ...                                              
                                                  
l.3 –°–µ—Ç–µ–≤–∞—è –∞—Ç–∞–∫–∞ -- –¥–µ–π—Å—Ç
                                           –≤–∏–µ, —Ü–µ–ª—å—é –∫–æ—Ç–æ—Ä–æ–≥...

You may provide a definition with
\DeclareUnicodeCharacter 


! LaTeX Error: Unicode character –≤ (U+0432)
               not set up for use with LaTeX.

See the LaTeX manual or LaTeX Companion for explanation.
Type  H <return>  for immediate help.
 ...                                              
                                                  
l.3 –°–µ—Ç–µ–≤–∞—è –∞—Ç–∞–∫–∞ -- –¥–µ–π—Å—Ç–≤
                                             –∏–µ, —Ü–µ–ª—å—é –∫–æ—Ç–æ—Ä–æ–≥...

You may provide a definition with
\DeclareUnicodeCharacter 


! LaTeX Error: Unicode character –∏ (U+0438)
               not set up for use with LaTeX.

See the LaTeX manual or LaTeX Companion for explanation.
Type  H <return>  for immediate help.
 ...                                              
                                                  
l.3 –°–µ—Ç–µ–≤–∞—è –∞—Ç–∞–∫–∞ -- –¥–µ–π—Å—Ç–≤–∏
                                               –µ, —Ü–µ–ª—å—é –∫–æ—Ç–æ—Ä–æ–≥...

You may provide a definition with
\DeclareUnicodeCharacter 


! LaTeX Error: Unicode character –µ (U+0435)
               not set up for use with LaTeX.

See the LaTeX manual or LaTeX Companion for explanation.
Type  H <return>  for immediate help.
 ...                                              
                                                  
l.3 –°–µ—Ç–µ–≤–∞—è –∞—Ç–∞–∫–∞ -- –¥–µ–π—Å—Ç–≤–∏–µ
                                                 , —Ü–µ–ª—å—é –∫–æ—Ç–æ—Ä–æ–≥...

You may provide a definition with
\DeclareUnicodeCharacter 

Missing character: There is no , in font nullfont!

! LaTeX Error: Unicode character —Ü (U+0446)
               not set up for use with LaTeX.

See the LaTeX manual or LaTeX Companion for explanation.
Type  H <return>  for immediate help.
 ...                                              
                                                  
l.3 ...–µ–≤–∞—è –∞—Ç–∞–∫–∞ -- –¥–µ–π—Å—Ç–≤–∏–µ, —Ü
                                                  –µ–ª—å—é –∫–æ—Ç–æ—Ä–æ–≥–æ ...

You may provide a definition with
\DeclareUnicodeCharacter 


! LaTeX Error: Unicode character –µ (U+0435)
               not set up for use with LaTeX.

See the LaTeX manual or LaTeX Companion for explanation.
Type  H <return>  for immediate help.
 ...                                              
                                                  
l.3 ...–≤–∞—è –∞—Ç–∞–∫–∞ -- –¥–µ–π—Å—Ç–≤–∏–µ, —Ü–µ
                                                  –ª—å—é –∫–æ—Ç–æ—Ä–æ–≥–æ —è...

You may provide a definition with
\DeclareUnicodeCharacter 


! LaTeX Error: Unicode character –ª (U+043B)
               not set up for use with LaTeX.

See the LaTeX manual or LaTeX Companion for explanation.
Type  H <return>  for immediate help.
 ...                                              
                                                  
l.3 ...–∞—è –∞—Ç–∞–∫–∞ -- –¥–µ–π—Å—Ç–≤–∏–µ, —Ü–µ–ª
                                                  —å—é –∫–æ—Ç–æ—Ä–æ–≥–æ —è–≤...

You may provide a definition with
\DeclareUnicodeCharacter 


! LaTeX Error: Unicode character —å (U+044C)
               not set up for use with LaTeX.

See the LaTeX manual or LaTeX Companion for explanation.
Type  H <return>  for immediate help.
 ...                                              
                                                  
l.3 ...—è –∞—Ç–∞–∫–∞ -- –¥–µ–π—Å—Ç–≤–∏–µ, —Ü–µ–ª—å
                                                  —é –∫–æ—Ç–æ—Ä–æ–≥–æ —è–≤–ª...

You may provide a definition with
\DeclareUnicodeCharacter 


! LaTeX Error: Unicode character —é (U+044E)
               not set up for use with LaTeX.

See the LaTeX manual or LaTeX Companion for explanation.
Type  H <return>  for immediate help.
 ...                                              
                                                  
l.3 ... –∞—Ç–∞–∫–∞ -- –¥–µ–π—Å—Ç–≤–∏–µ, —Ü–µ–ª—å—é
                                                   –∫–æ—Ç–æ—Ä–æ–≥–æ —è–≤–ª—è...

You may provide a definition with
\DeclareUnicodeCharacter 


! LaTeX Error: Unicode character –∫ (U+043A)
               not set up for use with LaTeX.

See the LaTeX manual or LaTeX Companion for explanation.
Type  H <return>  for immediate help.
 ...                                              
                                                  
l.3 ...—Ç–∞–∫–∞ -- –¥–µ–π—Å—Ç–≤–∏–µ, —Ü–µ–ª—å—é –∫
                                                  –æ—Ç–æ—Ä–æ–≥–æ —è–≤–ª—è–µ—...

You may provide a definition with
\DeclareUnicodeCharacter 


! LaTeX Error: Unicode character –æ (U+043E)
               not set up for use with LaTeX.

See the LaTeX manual or LaTeX Companion for explanation.
Type  H <return>  for immediate help.
 ...                                              
                                                  
l.3 ...–∞–∫–∞ -- –¥–µ–π—Å—Ç–≤–∏–µ, —Ü–µ–ª—å—é –∫–æ
                                                  —Ç–æ—Ä–æ–≥–æ —è–≤–ª—è–µ—Ç—...

You may provide a definition with
\DeclareUnicodeCharacter 


! LaTeX Error: Unicode character —Ç (U+0442)
               not set up for use with LaTeX.

See the LaTeX manual or LaTeX Companion for explanation.
Type  H <return>  for immediate help.
 ...                                              
                                                  
l.3 ...–∫–∞ -- –¥–µ–π—Å—Ç–≤–∏–µ, —Ü–µ–ª—å—é –∫–æ—Ç
                                                  –æ—Ä–æ–≥–æ —è–≤–ª—è–µ—Ç—Å—...

You may provide a definition with
\DeclareUnicodeCharacter 


! LaTeX Error: Unicode character –æ (U+043E)
               not set up for use with LaTeX.

See the LaTeX manual or LaTeX Companion for explanation.
Type  H <return>  for immediate help.
 ...                                              
                                                  
l.3 ...–∞ -- –¥–µ–π—Å—Ç–≤–∏–µ, —Ü–µ–ª—å—é –∫–æ—Ç–æ
                                                  —Ä–æ–≥–æ —è–≤–ª—è–µ—Ç—Å—è ...

You may provide a definition with
\DeclareUnicodeCharacter 


! LaTeX Error: Unicode character —Ä (U+0440)
               not set up for use with LaTeX.

See the LaTeX manual or LaTeX Companion for explanation.
Type  H <return>  for immediate help.
 ...                                              
                                                  
l.3 ... -- –¥–µ–π—Å—Ç–≤–∏–µ, —Ü–µ–ª—å—é –∫–æ—Ç–æ—Ä
                                                  –æ–≥–æ —è–≤–ª—è–µ—Ç—Å—è –∑...

You may provide a definition with
\DeclareUnicodeCharacter 


! LaTeX Error: Unicode character –æ (U+043E)
               not set up for use with LaTeX.

See the LaTeX manual or LaTeX Companion for explanation.
Type  H <return>  for immediate help.
 ...                                              
                                                  
l.3 ...- –¥–µ–π—Å—Ç–≤–∏–µ, —Ü–µ–ª—å—é –∫–æ—Ç–æ—Ä–æ
                                                  –≥–æ —è–≤–ª—è–µ—Ç—Å—è –∑–∞...

You may provide a definition with
\DeclareUnicodeCharacter 


! LaTeX Error: Unicode character –≥ (U+0433)
               not set up for use with LaTeX.

See the LaTeX manual or LaTeX Companion for explanation.
Type  H <return>  for immediate help.
 ...                                              
                                                  
l.3 ...–¥–µ–π—Å—Ç–≤–∏–µ, —Ü–µ–ª—å—é –∫–æ—Ç–æ—Ä–æ–≥
                                                  –æ —è–≤–ª—è–µ—Ç—Å—è –∑–∞—Ö...

You may provide a definition with
\DeclareUnicodeCharacter 


! LaTeX Error: Unicode character –æ (U+043E)
               not set up for use with LaTeX.

See the LaTeX manual or LaTeX Companion for explanation.
Type  H <return>  for immediate help.
 ...                                              
                                                  
l.3 ...–µ–π—Å—Ç–≤–∏–µ, —Ü–µ–ª—å—é –∫–æ—Ç–æ—Ä–æ–≥–æ
                                                   —è–≤–ª—è–µ—Ç—Å—è –∑–∞—Ö–≤...

You may provide a definition with
\DeclareUnicodeCharacter 


! LaTeX Error: Unicode character —è (U+044F)
               not set up for use with LaTeX.

See the LaTeX manual or LaTeX Companion for explanation.
Type  H <return>  for immediate help.
 ...                                              
                                                  
l.3 ...π—Å—Ç–≤–∏–µ, —Ü–µ–ª—å—é –∫–æ—Ç–æ—Ä–æ–≥–æ —è
                                                  –≤–ª—è–µ—Ç—Å—è –∑–∞—Ö–≤–∞—...

You may provide a definition with
\DeclareUnicodeCharacter 


! LaTeX Error: Unicode character –≤ (U+0432)
               not set up for use with LaTeX.

See the LaTeX manual or LaTeX Companion for explanation.
Type  H <return>  for immediate help.
 ...                                              
                                                  
l.3 ...Å—Ç–≤–∏–µ, —Ü–µ–ª—å—é –∫–æ—Ç–æ—Ä–æ–≥–æ —è–≤
                                                  –ª—è–µ—Ç—Å—è –∑–∞—Ö–≤–∞—Ç ...

You may provide a definition with
\DeclareUnicodeCharacter 


! LaTeX Error: Unicode character –ª (U+043B)
               not set up for use with LaTeX.

See the LaTeX manual or LaTeX Companion for explanation.
Type  H <return>  for immediate help.
 ...                                              
                                                  
l.3 ...Ç–≤–∏–µ, —Ü–µ–ª—å—é –∫–æ—Ç–æ—Ä–æ–≥–æ —è–≤–ª
                                                  —è–µ—Ç—Å—è –∑–∞—Ö–≤–∞—Ç –∫...

You may provide a definition with
\DeclareUnicodeCharacter 


! LaTeX Error: Unicode character —è (U+044F)
               not set up for use with LaTeX.

See the LaTeX manual or LaTeX Companion for explanation.
Type  H <return>  for immediate help.
 ...                                              
                                                  
l.3 ...≤–∏–µ, —Ü–µ–ª—å—é –∫–æ—Ç–æ—Ä–æ–≥–æ —è–≤–ª—è
                                                  –µ—Ç—Å—è –∑–∞—Ö–≤–∞—Ç –∫–æ...

You may provide a definition with
\DeclareUnicodeCharacter 


! LaTeX Error: Unicode character –µ (U+0435)
               not set up for use with LaTeX.

See the LaTeX manual or LaTeX Companion for explanation.
Type  H <return>  for immediate help.
 ...                                              
                                                  
l.3 ...∏–µ, —Ü–µ–ª—å—é –∫–æ—Ç–æ—Ä–æ–≥–æ —è–≤–ª—è–µ
                                                  —Ç—Å—è –∑–∞—Ö–≤–∞—Ç –∫–æ–Ω...

You may provide a definition with
\DeclareUnicodeCharacter 


! LaTeX Error: Unicode character —Ç (U+0442)
               not set up for use with LaTeX.

See the LaTeX manual or LaTeX Companion for explanation.
Type  H <return>  for immediate help.
 ...                                              
                                                  
l.3 ...µ, —Ü–µ–ª—å—é –∫–æ—Ç–æ—Ä–æ–≥–æ —è–≤–ª—è–µ—Ç
                                                  —Å—è –∑–∞—Ö–≤–∞—Ç –∫–æ–Ω—Ç...

You may provide a definition with
\DeclareUnicodeCharacter 


! LaTeX Error: Unicode character —Å (U+0441)
               not set up for use with LaTeX.

See the LaTeX manual or LaTeX Companion for explanation.
Type  H <return>  for immediate help.
 ...                                              
                                                  
l.3 ... —Ü–µ–ª—å—é –∫–æ—Ç–æ—Ä–æ–≥–æ —è–≤–ª—è–µ—Ç—Å
                                                  —è –∑–∞—Ö–≤–∞—Ç –∫–æ–Ω—Ç—Ä...

You may provide a definition with
\DeclareUnicodeCharacter 


! LaTeX Error: Unicode character —è (U+044F)
               not set up for use with LaTeX.

See the LaTeX manual or LaTeX Companion for explanation.
Type  H <return>  for immediate help.
 ...                                              
                                                  
l.3 ...Ü–µ–ª—å—é –∫–æ—Ç–æ—Ä–æ–≥–æ —è–≤–ª—è–µ—Ç—Å—è
                                                   –∑–∞—Ö–≤–∞—Ç –∫–æ–Ω—Ç—Ä–æ...

You may provide a definition with
\DeclareUnicodeCharacter 


! LaTeX Error: Unicode character –∑ (U+0437)
               not set up for use with LaTeX.

See the LaTeX manual or LaTeX Companion for explanation.
Type  H <return>  for immediate help.
 ...                                              
                                                  
l.3 ...–ª—å—é –∫–æ—Ç–æ—Ä–æ–≥–æ —è–≤–ª—è–µ—Ç—Å—è –∑
                                                  –∞—Ö–≤–∞—Ç –∫–æ–Ω—Ç—Ä–æ–ª—...

You may provide a definition with
\DeclareUnicodeCharacter 


! LaTeX Error: Unicode character –∞ (U+0430)
               not set up for use with LaTeX.

See the LaTeX manual or LaTeX Companion for explanation.
Type  H <return>  for immediate help.
 ...                                              
                                                  
l.3 ...—å—é –∫–æ—Ç–æ—Ä–æ–≥–æ —è–≤–ª—è–µ—Ç—Å—è –∑–∞
                                                  —Ö–≤–∞—Ç –∫–æ–Ω—Ç—Ä–æ–ª—è ...

You may provide a definition with
\DeclareUnicodeCharacter 


! LaTeX Error: Unicode character —Ö (U+0445)
               not set up for use with LaTeX.

See the LaTeX manual or LaTeX Companion for explanation.
Type  H <return>  for immediate help.
 ...                                              
                                                  
l.3 ...—é –∫–æ—Ç–æ—Ä–æ–≥–æ —è–≤–ª—è–µ—Ç—Å—è –∑–∞—Ö
                                                  –≤–∞—Ç –∫–æ–Ω—Ç—Ä–æ–ª—è –Ω...

You may provide a definition with
\DeclareUnicodeCharacter 


! LaTeX Error: Unicode character –≤ (U+0432)
               not set up for use with LaTeX.

See the LaTeX manual or LaTeX Companion for explanation.
Type  H <return>  for immediate help.
 ...                                              
                                                  
l.3 ... –∫–æ—Ç–æ—Ä–æ–≥–æ —è–≤–ª—è–µ—Ç—Å—è –∑–∞—Ö–≤
                                                  –∞—Ç –∫–æ–Ω—Ç—Ä–æ–ª—è –Ω–∞...

You may provide a definition with
\DeclareUnicodeCharacter 


! LaTeX Error: Unicode character –∞ (U+0430)
               not set up for use with LaTeX.

See the LaTeX manual or LaTeX Companion for explanation.
Type  H <return>  for immediate help.
 ...                                              
                                                  
l.3 ...∫–æ—Ç–æ—Ä–æ–≥–æ —è–≤–ª—è–µ—Ç—Å—è –∑–∞—Ö–≤–∞
                                                  —Ç –∫–æ–Ω—Ç—Ä–æ–ª—è –Ω–∞–¥...

You may provide a definition with
\DeclareUnicodeCharacter 


! LaTeX Error: Unicode character —Ç (U+0442)
               not set up for use with LaTeX.

See the LaTeX manual or LaTeX Companion for explanation.
Type  H <return>  for immediate help.
 ...                                              
                                                  
l.3 ...æ—Ç–æ—Ä–æ–≥–æ —è–≤–ª—è–µ—Ç—Å—è –∑–∞—Ö–≤–∞—Ç
                                                   –∫–æ–Ω—Ç—Ä–æ–ª—è –Ω–∞–¥ —...

You may provide a definition with
\DeclareUnicodeCharacter 


! LaTeX Error: Unicode character –∫ (U+043A)
               not set up for use with LaTeX.

See the LaTeX manual or LaTeX Companion for explanation.
Type  H <return>  for immediate help.
 ...                                              
                                                  
l.3 ...–æ—Ä–æ–≥–æ —è–≤–ª—è–µ—Ç—Å—è –∑–∞—Ö–≤–∞—Ç –∫
                                                  –æ–Ω—Ç—Ä–æ–ª—è –Ω–∞–¥ —É–¥...

You may provide a definition with
\DeclareUnicodeCharacter 


! LaTeX Error: Unicode character –æ (U+043E)
               not set up for use with LaTeX.

See the LaTeX manual or LaTeX Companion for explanation.
Type  H <return>  for immediate help.
 ...                                              
                                                  
l.3 ...—Ä–æ–≥–æ —è–≤–ª—è–µ—Ç—Å—è –∑–∞—Ö–≤–∞—Ç –∫–æ
                                                  –Ω—Ç—Ä–æ–ª—è –Ω–∞–¥ —É–¥–∞...

You may provide a definition with
\DeclareUnicodeCharacter 


! LaTeX Error: Unicode character –Ω (U+043D)
               not set up for use with LaTeX.

See the LaTeX manual or LaTeX Companion for explanation.
Type  H <return>  for immediate help.
 ...                                              
                                                  
l.3 ...–æ–≥–æ —è–≤–ª—è–µ—Ç—Å—è –∑–∞—Ö–≤–∞—Ç –∫–æ–Ω
                                                  —Ç—Ä–æ–ª—è –Ω–∞–¥ —É–¥–∞–ª...

You may provide a definition with
\DeclareUnicodeCharacter 


! LaTeX Error: Unicode character —Ç (U+0442)
               not set up for use with LaTeX.

See the LaTeX manual or LaTeX Companion for explanation.
Type  H <return>  for immediate help.
 ...                                              
                                                  
l.3 ...–≥–æ —è–≤–ª—è–µ—Ç—Å—è –∑–∞—Ö–≤–∞—Ç –∫–æ–Ω—Ç
                                                  —Ä–æ–ª—è –Ω–∞–¥ —É–¥–∞–ª—ë...

You may provide a definition with
\DeclareUnicodeCharacter 


! LaTeX Error: Unicode character —Ä (U+0440)
               not set up for use with LaTeX.

See the LaTeX manual or LaTeX Companion for explanation.
Type  H <return>  for immediate help.
 ...                                              
                                                  
l.3 ...–æ —è–≤–ª—è–µ—Ç—Å—è –∑–∞—Ö–≤–∞—Ç –∫–æ–Ω—Ç—Ä
                                                  –æ–ª—è –Ω–∞–¥ —É–¥–∞–ª—ë–Ω...

You may provide a definition with
\DeclareUnicodeCharacter 


! LaTeX Error: Unicode character –æ (U+043E)
               not set up for use with LaTeX.

See the LaTeX manual or LaTeX Companion for explanation.
Type  H <return>  for immediate help.
 ...                                              
                                                  
l.3 ... —è–≤–ª—è–µ—Ç—Å—è –∑–∞—Ö–≤–∞—Ç –∫–æ–Ω—Ç—Ä–æ
                                                  –ª—è –Ω–∞–¥ —É–¥–∞–ª—ë–Ω–Ω...

You may provide a definition with
\DeclareUnicodeCharacter 


! LaTeX Error: Unicode character –ª (U+043B)
               not set up for use with LaTeX.

See the LaTeX manual or LaTeX Companion for explanation.
Type  H <return>  for immediate help.
 ...                                              
                                                  
l.3 ...è–≤–ª—è–µ—Ç—Å—è –∑–∞—Ö–≤–∞—Ç –∫–æ–Ω—Ç—Ä–æ–ª
                                                  —è –Ω–∞–¥ —É–¥–∞–ª—ë–Ω–Ω–æ...

You may provide a definition with
\DeclareUnicodeCharacter 


! LaTeX Error: Unicode character —è (U+044F)
               not set up for use with LaTeX.

See the LaTeX manual or LaTeX Companion for explanation.
Type  H <return>  for immediate help.
 ...                                              
                                                  
l.3 ...≤–ª—è–µ—Ç—Å—è –∑–∞—Ö–≤–∞—Ç –∫–æ–Ω—Ç—Ä–æ–ª—è
                                                   –Ω–∞–¥ —É–¥–∞–ª—ë–Ω–Ω–æ–π...

You may provide a definition with
\DeclareUnicodeCharacter 


! LaTeX Error: Unicode character –Ω (U+043D)
               not set up for use with LaTeX.

See the LaTeX manual or LaTeX Companion for explanation.
Type  H <return>  for immediate help.
 ...                                              
                                                  
l.3 ...—è–µ—Ç—Å—è –∑–∞—Ö–≤–∞—Ç –∫–æ–Ω—Ç—Ä–æ–ª—è –Ω
                                                  –∞–¥ —É–¥–∞–ª—ë–Ω–Ω–æ–π –∏...

You may provide a definition with
\DeclareUnicodeCharacter 


! LaTeX Error: Unicode character –∞ (U+0430)
               not set up for use with LaTeX.

See the LaTeX manual or LaTeX Companion for explanation.
Type  H <return>  for immediate help.
 ...                                              
                                                  
l.3 ...–µ—Ç—Å—è –∑–∞—Ö–≤–∞—Ç –∫–æ–Ω—Ç—Ä–æ–ª—è –Ω–∞
                                                  –¥ —É–¥–∞–ª—ë–Ω–Ω–æ–π –∏–ª...

You may provide a definition with
\DeclareUnicodeCharacter 


! LaTeX Error: Unicode character –¥ (U+0434)
               not set up for use with LaTeX.

See the LaTeX manual or LaTeX Companion for explanation.
Type  H <return>  for immediate help.
 ...                                              
                                                  
l.3 ...—Ç—Å—è –∑–∞—Ö–≤–∞—Ç –∫–æ–Ω—Ç—Ä–æ–ª—è –Ω–∞–¥
                                                   —É–¥–∞–ª—ë–Ω–Ω–æ–π –∏–ª–∏...

You may provide a definition with
\DeclareUnicodeCharacter 


! LaTeX Error: Unicode character —É (U+0443)
               not set up for use with LaTeX.

See the LaTeX manual or LaTeX Companion for explanation.
Type  H <return>  for immediate help.
 ...                                              
                                                  
l.3 ...Å—è –∑–∞—Ö–≤–∞—Ç –∫–æ–Ω—Ç—Ä–æ–ª—è –Ω–∞–¥ —É
                                                  –¥–∞–ª—ë–Ω–Ω–æ–π –∏–ª–∏ –ª...

You may provide a definition with
\DeclareUnicodeCharacter 


! LaTeX Error: Unicode character –¥ (U+0434)
               not set up for use with LaTeX.

See the LaTeX manual or LaTeX Companion for explanation.
Type  H <return>  for immediate help.
 ...                                              
                                                  
l.3 ...è –∑–∞—Ö–≤–∞—Ç –∫–æ–Ω—Ç—Ä–æ–ª—è –Ω–∞–¥ —É–¥
                                                  –∞–ª—ë–Ω–Ω–æ–π –∏–ª–∏ –ª–æ...

You may provide a definition with
\DeclareUnicodeCharacter 


! LaTeX Error: Unicode character –∞ (U+0430)
               not set up for use with LaTeX.

See the LaTeX manual or LaTeX Companion for explanation.
Type  H <return>  for immediate help.
 ...                                              
                                                  
l.3 ...–∑–∞—Ö–≤–∞—Ç –∫–æ–Ω—Ç—Ä–æ–ª—è –Ω–∞–¥ —É–¥–∞
                                                  –ª—ë–Ω–Ω–æ–π –∏–ª–∏ –ª–æ–∫...

You may provide a definition with
\DeclareUnicodeCharacter 


! LaTeX Error: Unicode character –ª (U+043B)
               not set up for use with LaTeX.

See the LaTeX manual or LaTeX Companion for explanation.
Type  H <return>  for immediate help.
 ...                                              
                                                  
l.3 ...–∞—Ö–≤–∞—Ç –∫–æ–Ω—Ç—Ä–æ–ª—è –Ω–∞–¥ —É–¥–∞–ª
                                                  —ë–Ω–Ω–æ–π –∏–ª–∏ –ª–æ–∫–∞...

You may provide a definition with
\DeclareUnicodeCharacter 


! LaTeX Error: Unicode character —ë (U+0451)
               not set up for use with LaTeX.

See the LaTeX manual or LaTeX Companion for explanation.
Type  H <return>  for immediate help.
 ...                                              
                                                  
l.3 ...—Ö–≤–∞—Ç –∫–æ–Ω—Ç—Ä–æ–ª—è –Ω–∞–¥ —É–¥–∞–ª—ë
                                                  –Ω–Ω–æ–π –∏–ª–∏ –ª–æ–∫–∞–ª...

You may provide a definition with
\DeclareUnicodeCharacter 


! LaTeX Error: Unicode character –Ω (U+043D)
               not set up for use with LaTeX.

See the LaTeX manual or LaTeX Companion for explanation.
Type  H <return>  for immediate help.
 ...                                              
                                                  
l.3 ...–≤–∞—Ç –∫–æ–Ω—Ç—Ä–æ–ª—è –Ω–∞–¥ —É–¥–∞–ª—ë–Ω
                                                  –Ω–æ–π –∏–ª–∏ –ª–æ–∫–∞–ª—å...

You may provide a definition with
\DeclareUnicodeCharacter 


! LaTeX Error: Unicode character –Ω (U+043D)
               not set up for use with LaTeX.

See the LaTeX manual or LaTeX Companion for explanation.
Type  H <return>  for immediate help.
 ...                                              
                                                  
l.3 ...–∞—Ç –∫–æ–Ω—Ç—Ä–æ–ª—è –Ω–∞–¥ —É–¥–∞–ª—ë–Ω–Ω
                                                  –æ–π –∏–ª–∏ –ª–æ–∫–∞–ª—å–Ω...

You may provide a definition with
\DeclareUnicodeCharacter 


! LaTeX Error: Unicode character –æ (U+043E)
               not set up for use with LaTeX.

See the LaTeX manual or LaTeX Companion for explanation.
Type  H <return>  for immediate help.
 ...                                              
                                                  
l.3 ...—Ç –∫–æ–Ω—Ç—Ä–æ–ª—è –Ω–∞–¥ —É–¥–∞–ª—ë–Ω–Ω–æ
                                                  –π –∏–ª–∏ –ª–æ–∫–∞–ª—å–Ω–æ...

You may provide a definition with
\DeclareUnicodeCharacter 


! LaTeX Error: Unicode character –π (U+0439)
               not set up for use with LaTeX.

See the LaTeX manual or LaTeX Companion for explanation.
Type  H <return>  for immediate help.
 ...                                              
                                                  
l.3 ... –∫–æ–Ω—Ç—Ä–æ–ª—è –Ω–∞–¥ —É–¥–∞–ª—ë–Ω–Ω–æ–π
                                                   –∏–ª–∏ –ª–æ–∫–∞–ª—å–Ω–æ–π...

You may provide a definition with
\DeclareUnicodeCharacter 


! LaTeX Error: Unicode character –∏ (U+0438)
               not set up for use with LaTeX.

See the LaTeX manual or LaTeX Companion for explanation.
Type  H <return>  for immediate help.
 ...                                              
                                                  
l.3 ...–æ–Ω—Ç—Ä–æ–ª—è –Ω–∞–¥ —É–¥–∞–ª—ë–Ω–Ω–æ–π –∏
                                                  –ª–∏ –ª–æ–∫–∞–ª—å–Ω–æ–π –≤...

You may provide a definition with
\DeclareUnicodeCharacter 


! LaTeX Error: Unicode character –ª (U+043B)
               not set up for use with LaTeX.

See the LaTeX manual or LaTeX Companion for explanation.
Type  H <return>  for immediate help.
 ...                                              
                                                  
l.3 ...–Ω—Ç—Ä–æ–ª—è –Ω–∞–¥ —É–¥–∞–ª—ë–Ω–Ω–æ–π –∏–ª
                                                  –∏ –ª–æ–∫–∞–ª—å–Ω–æ–π –≤—ã...

You may provide a definition with
\DeclareUnicodeCharacter 


! LaTeX Error: Unicode character –∏ (U+0438)
               not set up for use with LaTeX.

See the LaTeX manual or LaTeX Companion for explanation.
Type  H <return>  for immediate help.
 ...                                              
                                                  
l.3 ...—Ç—Ä–æ–ª—è –Ω–∞–¥ —É–¥–∞–ª—ë–Ω–Ω–æ–π –∏–ª–∏
                                                   –ª–æ–∫–∞–ª—å–Ω–æ–π –≤—ã—á...

You may provide a definition with
\DeclareUnicodeCharacter 


! LaTeX Error: Unicode character –ª (U+043B)
               not set up for use with LaTeX.

See the LaTeX manual or LaTeX Companion for explanation.
Type  H <return>  for immediate help.
 ...                                              
                                                  
l.3 ...Ä–æ–ª—è –Ω–∞–¥ —É–¥–∞–ª—ë–Ω–Ω–æ–π –∏–ª–∏ –ª
                                                  –æ–∫–∞–ª—å–Ω–æ–π –≤—ã—á–∏—...

You may provide a definition with
\DeclareUnicodeCharacter 


! LaTeX Error: Unicode character –æ (U+043E)
               not set up for use with LaTeX.

See the LaTeX manual or LaTeX Companion for explanation.
Type  H <return>  for immediate help.
 ...                                              
                                                  
l.3 ...æ–ª—è –Ω–∞–¥ —É–¥–∞–ª—ë–Ω–Ω–æ–π –∏–ª–∏ –ª–æ
                                                  –∫–∞–ª—å–Ω–æ–π –≤—ã—á–∏—Å–...

You may provide a definition with
\DeclareUnicodeCharacter 


! LaTeX Error: Unicode character –∫ (U+043A)
               not set up for use with LaTeX.

See the LaTeX manual or LaTeX Companion for explanation.
Type  H <return>  for immediate help.
 ...                                              
                                                  
l.3 ...ª—è –Ω–∞–¥ —É–¥–∞–ª—ë–Ω–Ω–æ–π –∏–ª–∏ –ª–æ–∫
                                                  –∞–ª—å–Ω–æ–π –≤—ã—á–∏—Å–ª–...

You may provide a definition with
\DeclareUnicodeCharacter 


! LaTeX Error: Unicode character –∞ (U+0430)
               not set up for use with LaTeX.

See the LaTeX manual or LaTeX Companion for explanation.
Type  H <return>  for immediate help.
 ...                                              
                                                  
l.3 ...è –Ω–∞–¥ —É–¥–∞–ª—ë–Ω–Ω–æ–π –∏–ª–∏ –ª–æ–∫–∞
                                                  –ª—å–Ω–æ–π –≤—ã—á–∏—Å–ª–∏—...

You may provide a definition with
\DeclareUnicodeCharacter 


! LaTeX Error: Unicode character –ª (U+043B)
               not set up for use with LaTeX.

See the LaTeX manual or LaTeX Companion for explanation.
Type  H <return>  for immediate help.
 ...                                              
                                                  
l.3 ...–Ω–∞–¥ —É–¥–∞–ª—ë–Ω–Ω–æ–π –∏–ª–∏ –ª–æ–∫–∞–ª
                                                  —å–Ω–æ–π –≤—ã—á–∏—Å–ª–∏—Ç–...

You may provide a definition with
\DeclareUnicodeCharacter 


! LaTeX Error: Unicode character —å (U+044C)
               not set up for use with LaTeX.

See the LaTeX manual or LaTeX Companion for explanation.
Type  H <return>  for immediate help.
 ...                                              
                                                  
l.3 ...–∞–¥ —É–¥–∞–ª—ë–Ω–Ω–æ–π –∏–ª–∏ –ª–æ–∫–∞–ª—å
                                                  –Ω–æ–π –≤—ã—á–∏—Å–ª–∏—Ç–µ–...

You may provide a definition with
\DeclareUnicodeCharacter 


! LaTeX Error: Unicode character –Ω (U+043D)
               not set up for use with LaTeX.

See the LaTeX manual or LaTeX Companion for explanation.
Type  H <return>  for immediate help.
 ...                                              
                                                  
l.3 ...–¥ —É–¥–∞–ª—ë–Ω–Ω–æ–π –∏–ª–∏ –ª–æ–∫–∞–ª—å–Ω
                                                  –æ–π –≤—ã—á–∏—Å–ª–∏—Ç–µ–ª—...

You may provide a definition with
\DeclareUnicodeCharacter 


! LaTeX Error: Unicode character –æ (U+043E)
               not set up for use with LaTeX.

See the LaTeX manual or LaTeX Companion for explanation.
Type  H <return>  for immediate help.
 ...                                              
                                                  
l.3 ... —É–¥–∞–ª—ë–Ω–Ω–æ–π –∏–ª–∏ –ª–æ–∫–∞–ª—å–Ω–æ
                                                  –π –≤—ã—á–∏—Å–ª–∏—Ç–µ–ª—å–...

You may provide a definition with
\DeclareUnicodeCharacter 


! LaTeX Error: Unicode character –π (U+0439)
               not set up for use with LaTeX.

See the LaTeX manual or LaTeX Companion for explanation.
Type  H <return>  for immediate help.
 ...                                              
                                                  
l.3 ...É–¥–∞–ª—ë–Ω–Ω–æ–π –∏–ª–∏ –ª–æ–∫–∞–ª—å–Ω–æ–π
                                                   –≤—ã—á–∏—Å–ª–∏—Ç–µ–ª—å–Ω–...

You may provide a definition with
\DeclareUnicodeCharacter 


! LaTeX Error: Unicode character –≤ (U+0432)
               not set up for use with LaTeX.

See the LaTeX manual or LaTeX Companion for explanation.
Type  H <return>  for immediate help.
 ...                                              
                                                  
l.3 ...–∞–ª—ë–Ω–Ω–æ–π –∏–ª–∏ –ª–æ–∫–∞–ª—å–Ω–æ–π –≤
                                                  —ã—á–∏—Å–ª–∏—Ç–µ–ª—å–Ω–æ–π...

You may provide a definition with
\DeclareUnicodeCharacter 


! LaTeX Error: Unicode character —ã (U+044B)
               not set up for use with LaTeX.

See the LaTeX manual or LaTeX Companion for explanation.
Type  H <return>  for immediate help.
 ...                                              
                                                  
l.3 ...–ª—ë–Ω–Ω–æ–π –∏–ª–∏ –ª–æ–∫–∞–ª—å–Ω–æ–π –≤—ã
                                                  —á–∏—Å–ª–∏—Ç–µ–ª—å–Ω–æ–π —...

You may provide a definition with
\DeclareUnicodeCharacter 


! LaTeX Error: Unicode character —á (U+0447)
               not set up for use with LaTeX.

See the LaTeX manual or LaTeX Companion for explanation.
Type  H <return>  for immediate help.
 ...                                              
                                                  
l.3 ...—ë–Ω–Ω–æ–π –∏–ª–∏ –ª–æ–∫–∞–ª—å–Ω–æ–π –≤—ã—á
                                                  –∏—Å–ª–∏—Ç–µ–ª—å–Ω–æ–π —Å–...

You may provide a definition with
\DeclareUnicodeCharacter 


! LaTeX Error: Unicode character –∏ (U+0438)
               not set up for use with LaTeX.

See the LaTeX manual or LaTeX Companion for explanation.
Type  H <return>  for immediate help.
 ...                                              
                                                  
l.3 ...–Ω–Ω–æ–π –∏–ª–∏ –ª–æ–∫–∞–ª—å–Ω–æ–π –≤—ã—á–∏
                                                  —Å–ª–∏—Ç–µ–ª—å–Ω–æ–π —Å–∏—...

You may provide a definition with
\DeclareUnicodeCharacter 


! LaTeX Error: Unicode character —Å (U+0441)
               not set up for use with LaTeX.

See the LaTeX manual or LaTeX Companion for explanation.
Type  H <return>  for immediate help.
 ...                                              
                                                  
l.3 ...–Ω–æ–π –∏–ª–∏ –ª–æ–∫–∞–ª—å–Ω–æ–π –≤—ã—á–∏—Å
                                                  –ª–∏—Ç–µ–ª—å–Ω–æ–π —Å–∏—Å—...

You may provide a definition with
\DeclareUnicodeCharacter 


! LaTeX Error: Unicode character –ª (U+043B)
               not set up for use with LaTeX.

See the LaTeX manual or LaTeX Companion for explanation.
Type  H <return>  for immediate help.
 ...                                              
                                                  
l.3 ...–æ–π –∏–ª–∏ –ª–æ–∫–∞–ª—å–Ω–æ–π –≤—ã—á–∏—Å–ª
                                                  –∏—Ç–µ–ª—å–Ω–æ–π —Å–∏—Å—Ç–...

You may provide a definition with
\DeclareUnicodeCharacter 


! LaTeX Error: Unicode character –∏ (U+0438)
               not set up for use with LaTeX.

See the LaTeX manual or LaTeX Companion for explanation.
Type  H <return>  for immediate help.
 ...                                              
                                                  
l.3 ...–π –∏–ª–∏ –ª–æ–∫–∞–ª—å–Ω–æ–π –≤—ã—á–∏—Å–ª–∏
                                                  —Ç–µ–ª—å–Ω–æ–π —Å–∏—Å—Ç–µ–...

You may provide a definition with
\DeclareUnicodeCharacter 


! LaTeX Error: Unicode character —Ç (U+0442)
               not set up for use with LaTeX.

See the LaTeX manual or LaTeX Companion for explanation.
Type  H <return>  for immediate help.
 ...                                              
                                                  
l.3 ... –∏–ª–∏ –ª–æ–∫–∞–ª—å–Ω–æ–π –≤—ã—á–∏—Å–ª–∏—Ç
                                                  –µ–ª—å–Ω–æ–π —Å–∏—Å—Ç–µ–º–...

You may provide a definition with
\DeclareUnicodeCharacter 


! LaTeX Error: Unicode character –µ (U+0435)
               not set up for use with LaTeX.

See the LaTeX manual or LaTeX Companion for explanation.
Type  H <return>  for immediate help.
 ...                                              
                                                  
l.3 ...∏–ª–∏ –ª–æ–∫–∞–ª—å–Ω–æ–π –≤—ã—á–∏—Å–ª–∏—Ç–µ
                                                  –ª—å–Ω–æ–π —Å–∏—Å—Ç–µ–º–æ–...

You may provide a definition with
\DeclareUnicodeCharacter 


! LaTeX Error: Unicode character –ª (U+043B)
               not set up for use with LaTeX.

See the LaTeX manual or LaTeX Companion for explanation.
Type  H <return>  for immediate help.
 ...                                              
                                                  
l.3 ...ª–∏ –ª–æ–∫–∞–ª—å–Ω–æ–π –≤—ã—á–∏—Å–ª–∏—Ç–µ–ª
                                                  —å–Ω–æ–π —Å–∏—Å—Ç–µ–º–æ–π,...

You may provide a definition with
\DeclareUnicodeCharacter 


! LaTeX Error: Unicode character —å (U+044C)
               not set up for use with LaTeX.

See the LaTeX manual or LaTeX Companion for explanation.
Type  H <return>  for immediate help.
 ...                                              
                                                  
l.3 ...∏ –ª–æ–∫–∞–ª—å–Ω–æ–π –≤—ã—á–∏—Å–ª–∏—Ç–µ–ª—å
                                                  –Ω–æ–π —Å–∏—Å—Ç–µ–º–æ–π, –...

You may provide a definition with
\DeclareUnicodeCharacter 


! LaTeX Error: Unicode character –Ω (U+043D)
               not set up for use with LaTeX.

See the LaTeX manual or LaTeX Companion for explanation.
Type  H <return>  for immediate help.
 ...                                              
                                                  
l.3 ...–ª–æ–∫–∞–ª—å–Ω–æ–π –≤—ã—á–∏—Å–ª–∏—Ç–µ–ª—å–Ω
                                                  –æ–π —Å–∏—Å—Ç–µ–º–æ–π, –ª–...

You may provide a definition with
\DeclareUnicodeCharacter 


! LaTeX Error: Unicode character –æ (U+043E)
               not set up for use with LaTeX.

See the LaTeX manual or LaTeX Companion for explanation.
Type  H <return>  for immediate help.
 ...                                              
                                                  
l.3 ...–æ–∫–∞–ª—å–Ω–æ–π –≤—ã—á–∏—Å–ª–∏—Ç–µ–ª—å–Ω–æ
                                                  –π —Å–∏—Å—Ç–µ–º–æ–π, –ª–∏–...

You may provide a definition with
\DeclareUnicodeCharacter 


! LaTeX Error: Unicode character –π (U+0439)
               not set up for use with LaTeX.

See the LaTeX manual or LaTeX Companion for explanation.
Type  H <return>  for immediate help.
 ...                                              
                                                  
l.3 ...–∫–∞–ª—å–Ω–æ–π –≤—ã—á–∏—Å–ª–∏—Ç–µ–ª—å–Ω–æ–π
                                                   —Å–∏—Å—Ç–µ–º–æ–π, –ª–∏–±–...

You may provide a definition with
\DeclareUnicodeCharacter 


! LaTeX Error: Unicode character —Å (U+0441)
               not set up for use with LaTeX.

See the LaTeX manual or LaTeX Companion for explanation.
Type  H <return>  for immediate help.
 ...                                              
                                                  
l.3 ...∞–ª—å–Ω–æ–π –≤—ã—á–∏—Å–ª–∏—Ç–µ–ª—å–Ω–æ–π —Å
                                                  –∏—Å—Ç–µ–º–æ–π, –ª–∏–±–æ –...

You may provide a definition with
\DeclareUnicodeCharacter 


! LaTeX Error: Unicode character –∏ (U+0438)
               not set up for use with LaTeX.

See the LaTeX manual or LaTeX Companion for explanation.
Type  H <return>  for immediate help.
 ...                                              
                                                  
l.3 ...ª—å–Ω–æ–π –≤—ã—á–∏—Å–ª–∏—Ç–µ–ª—å–Ω–æ–π —Å–∏
                                                  —Å—Ç–µ–º–æ–π, –ª–∏–±–æ –µ—...

You may provide a definition with
\DeclareUnicodeCharacter 


! LaTeX Error: Unicode character —Å (U+0441)
               not set up for use with LaTeX.

See the LaTeX manual or LaTeX Companion for explanation.
Type  H <return>  for immediate help.
 ...                                              
                                                  
l.3 ...å–Ω–æ–π –≤—ã—á–∏—Å–ª–∏—Ç–µ–ª—å–Ω–æ–π —Å–∏—Å
                                                  —Ç–µ–º–æ–π, –ª–∏–±–æ –µ—ë ...

You may provide a definition with
\DeclareUnicodeCharacter 


! LaTeX Error: Unicode character —Ç (U+0442)
               not set up for use with LaTeX.

See the LaTeX manual or LaTeX Companion for explanation.
Type  H <return>  for immediate help.
 ...                                              
                                                  
l.3 ...Ω–æ–π –≤—ã—á–∏—Å–ª–∏—Ç–µ–ª—å–Ω–æ–π —Å–∏—Å—Ç
                                                  –µ–º–æ–π, –ª–∏–±–æ –µ—ë –¥...

You may provide a definition with
\DeclareUnicodeCharacter 


! LaTeX Error: Unicode character –µ (U+0435)
               not set up for use with LaTeX.

See the LaTeX manual or LaTeX Companion for explanation.
Type  H <return>  for immediate help.
 ...                                              
                                                  
l.3 ...æ–π –≤—ã—á–∏—Å–ª–∏—Ç–µ–ª—å–Ω–æ–π —Å–∏—Å—Ç–µ
                                                  –º–æ–π, –ª–∏–±–æ –µ—ë –¥–µ...

You may provide a definition with
\DeclareUnicodeCharacter 


! LaTeX Error: Unicode character –º (U+043C)
               not set up for use with LaTeX.

See the LaTeX manual or LaTeX Companion for explanation.
Type  H <return>  for immediate help.
 ...                                              
                                                  
l.3 ...π –≤—ã—á–∏—Å–ª–∏—Ç–µ–ª—å–Ω–æ–π —Å–∏—Å—Ç–µ–º
                                                  –æ–π, –ª–∏–±–æ –µ—ë –¥–µ—Å...

You may provide a definition with
\DeclareUnicodeCharacter 


! LaTeX Error: Unicode character –æ (U+043E)
               not set up for use with LaTeX.

See the LaTeX manual or LaTeX Companion for explanation.
Type  H <return>  for immediate help.
 ...                                              
                                                  
l.3 ...–≤—ã—á–∏—Å–ª–∏—Ç–µ–ª—å–Ω–æ–π —Å–∏—Å—Ç–µ–º–æ
                                                  –π, –ª–∏–±–æ –µ—ë –¥–µ—Å—Ç...

You may provide a definition with
\DeclareUnicodeCharacter 


! LaTeX Error: Unicode character –π (U+0439)
               not set up for use with LaTeX.

See the LaTeX manual or LaTeX Companion for explanation.
Type  H <return>  for immediate help.
 ...                                              
                                                  
l.3 ...—ã—á–∏—Å–ª–∏—Ç–µ–ª—å–Ω–æ–π —Å–∏—Å—Ç–µ–º–æ–π
                                                  , –ª–∏–±–æ –µ—ë –¥–µ—Å—Ç–∞...

You may provide a definition with
\DeclareUnicodeCharacter 

Missing character: There is no , in font nullfont!

! LaTeX Error: Unicode character –ª (U+043B)
               not set up for use with LaTeX.

See the LaTeX manual or LaTeX Companion for explanation.
Type  H <return>  for immediate help.
 ...                                              
                                                  
l.3 ...–∏—Å–ª–∏—Ç–µ–ª—å–Ω–æ–π —Å–∏—Å—Ç–µ–º–æ–π, –ª
                                                  –∏–±–æ –µ—ë –¥–µ—Å—Ç–∞–±–∏...

You may provide a definition with
\DeclareUnicodeCharacter 


! LaTeX Error: Unicode character –∏ (U+0438)
               not set up for use with LaTeX.

See the LaTeX manual or LaTeX Companion for explanation.
Type  H <return>  for immediate help.
 ...                                              
                                                  
l.3 ...—Å–ª–∏—Ç–µ–ª—å–Ω–æ–π —Å–∏—Å—Ç–µ–º–æ–π, –ª–∏
                                                  –±–æ –µ—ë –¥–µ—Å—Ç–∞–±–∏–ª...

You may provide a definition with
\DeclareUnicodeCharacter 


! LaTeX Error: Unicode character –± (U+0431)
               not set up for use with LaTeX.

See the LaTeX manual or LaTeX Companion for explanation.
Type  H <return>  for immediate help.
 ...                                              
                                                  
l.3 ...–ª–∏—Ç–µ–ª—å–Ω–æ–π —Å–∏—Å—Ç–µ–º–æ–π, –ª–∏–±
                                                  –æ –µ—ë –¥–µ—Å—Ç–∞–±–∏–ª–∏...

You may provide a definition with
\DeclareUnicodeCharacter 


! LaTeX Error: Unicode character –æ (U+043E)
               not set up for use with LaTeX.

See the LaTeX manual or LaTeX Companion for explanation.
Type  H <return>  for immediate help.
 ...                                              
                                                  
l.3 ...–∏—Ç–µ–ª—å–Ω–æ–π —Å–∏—Å—Ç–µ–º–æ–π, –ª–∏–±–æ
                                                   –µ—ë –¥–µ—Å—Ç–∞–±–∏–ª–∏–∑...

You may provide a definition with
\DeclareUnicodeCharacter 


! LaTeX Error: Unicode character –µ (U+0435)
               not set up for use with LaTeX.

See the LaTeX manual or LaTeX Companion for explanation.
Type  H <return>  for immediate help.
 ...                                              
                                                  
l.3 ...Ç–µ–ª—å–Ω–æ–π —Å–∏—Å—Ç–µ–º–æ–π, –ª–∏–±–æ –µ
                                                  —ë –¥–µ—Å—Ç–∞–±–∏–ª–∏–∑–∞—...

You may provide a definition with
\DeclareUnicodeCharacter 


! LaTeX Error: Unicode character —ë (U+0451)
               not set up for use with LaTeX.

See the LaTeX manual or LaTeX Companion for explanation.
Type  H <return>  for immediate help.
 ...                                              
                                                  
l.3 ...µ–ª—å–Ω–æ–π —Å–∏—Å—Ç–µ–º–æ–π, –ª–∏–±–æ –µ—ë
                                                   –¥–µ—Å—Ç–∞–±–∏–ª–∏–∑–∞—Ü–...

You may provide a definition with
\DeclareUnicodeCharacter 


! LaTeX Error: Unicode character –¥ (U+0434)
               not set up for use with LaTeX.

See the LaTeX manual or LaTeX Companion for explanation.
Type  H <return>  for immediate help.
 ...                                              
                                                  
l.3 ...—å–Ω–æ–π —Å–∏—Å—Ç–µ–º–æ–π, –ª–∏–±–æ –µ—ë –¥
                                                  –µ—Å—Ç–∞–±–∏–ª–∏–∑–∞—Ü–∏—è...

You may provide a definition with
\DeclareUnicodeCharacter 


! LaTeX Error: Unicode character –µ (U+0435)
               not set up for use with LaTeX.

See the LaTeX manual or LaTeX Companion for explanation.
Type  H <return>  for immediate help.
 ...                                              
                                                  
l.3 ...–Ω–æ–π —Å–∏—Å—Ç–µ–º–æ–π, –ª–∏–±–æ –µ—ë –¥–µ
                                                  —Å—Ç–∞–±–∏–ª–∏–∑–∞—Ü–∏—è, ...

You may provide a definition with
\DeclareUnicodeCharacter 


! LaTeX Error: Unicode character —Å (U+0441)
               not set up for use with LaTeX.

See the LaTeX manual or LaTeX Companion for explanation.
Type  H <return>  for immediate help.
 ...                                              
                                                  
l.3 ...–æ–π —Å–∏—Å—Ç–µ–º–æ–π, –ª–∏–±–æ –µ—ë –¥–µ—Å
                                                  —Ç–∞–±–∏–ª–∏–∑–∞—Ü–∏—è, –ª...

You may provide a definition with
\DeclareUnicodeCharacter 


! LaTeX Error: Unicode character —Ç (U+0442)
               not set up for use with LaTeX.

See the LaTeX manual or LaTeX Companion for explanation.
Type  H <return>  for immediate help.
 ...                                              
                                                  
l.3 ...–π —Å–∏—Å—Ç–µ–º–æ–π, –ª–∏–±–æ –µ—ë –¥–µ—Å—Ç
                                                  –∞–±–∏–ª–∏–∑–∞—Ü–∏—è, –ª–∏...
(That makes 100 errors; please try again.) 
Here is how much of TeX's memory you used:
 47 strings out of 478681
 762 string characters out of 2856392
 295552 words of memory out of 3000000
 18252 multiletter control sequences out of 15000+600000
 403430 words of font info for 27 fonts, out of 8000000 for 9000
 1141 hyphenation exceptions out of 8191
 13i,0n,12p,549b,28s stack positions out of 5000i,500n,10000p,200000b,80000s

!  ==> Fatal error occurred, no output PDF file produced!
