This is XeTeX, Version 3.141592653-2.6-0.999994 (MiKTeX 22.10) (preloaded format=xelatex 2023.3.5)  8 DEC 2023 09:55
entering extended mode
 restricted \write18 enabled.
 %&-line parsing enabled.
**./main.tex
(main.tex
LaTeX2e <2022-06-01> patch level 5
L3 programming layer <2022-09-28>

LaTeX Warning: \include should only be used after \begin{document} on input lin
e 2.

(inc/fmt/preambule.tex
(C:\Users\ekaterina.bryanskaya\AppData\Local\Programs\MiKTeX\tex/latex/extsizes
\extarticle.cls
Document Class: extarticle 1996/10/08 v1.0 Non Standard LaTeX document class

(C:\Users\ekaterina.bryanskaya\AppData\Local\Programs\MiKTeX\tex/latex/extsizes
\size14.clo
File: size14.clo 1999/11/11 v1.4a NON-Standard LaTeX file (size option)
)
(C:\Users\ekaterina.bryanskaya\AppData\Local\Programs\MiKTeX\tex/latex/base\exs
cale.sty
Package: exscale 2018/09/24 v2.1i Standard LaTeX package exscale
LaTeX Font Info:    Redeclaring symbol font `largesymbols' on input line 57.
LaTeX Font Info:    Overwriting symbol font `largesymbols' in version `normal'
(Font)                  OMX/cmex/m/n --> OMX/cmex/m/n on input line 57.
LaTeX Font Info:    Overwriting symbol font `largesymbols' in version `bold'
(Font)                  OMX/cmex/m/n --> OMX/cmex/m/n on input line 57.
\big@size=\dimen138
)
\c@part=\count181
\c@section=\count182
\c@subsection=\count183
\c@subsubsection=\count184
\c@paragraph=\count185
\c@subparagraph=\count186
\c@figure=\count187
\c@table=\count188
\abovecaptionskip=\skip47
\belowcaptionskip=\skip48
\bibindent=\dimen139
)
(C:\Users\ekaterina.bryanskaya\AppData\Local\Programs\MiKTeX\tex/latex/extsizes
\extsizes.sty
Package: extsizes 1996/10/08 v1.0 Non Standard LaTeX Package


Package ExtSizes Warning: It is better to use one of the extsizes classes,
 if you can.


(C:\Users\ekaterina.bryanskaya\AppData\Local\Programs\MiKTeX\tex/latex/extsizes
\size14.clo
File: size14.clo 1999/11/11 v1.4a NON-Standard LaTeX file (size option)
))
(C:\Users\ekaterina.bryanskaya\AppData\Local\Programs\MiKTeX\tex/generic/babel\
babel.sty
Package: babel 2022/10/04 3.81 The Babel package
\babel@savecnt=\count189
\U@D=\dimen140
\l@unhyphenated=\language79

(C:\Users\ekaterina.bryanskaya\AppData\Local\Programs\MiKTeX\tex/generic/babel\
xebabel.def
(C:\Users\ekaterina.bryanskaya\AppData\Local\Programs\MiKTeX\tex/generic/babel\
txtbabel.def))
\bbl@readstream=\read2
\bbl@dirlevel=\count190

*************************************
* Local config file bblopts.cfg used
*

(C:\Users\ekaterina.bryanskaya\AppData\Local\Programs\MiKTeX\tex/latex/arabi\bb
lopts.cfg
File: bblopts.cfg 2005/09/08 v0.1 add Arabic and Farsi to "declared" options of
 babel
)
(C:\Users\ekaterina.bryanskaya\AppData\Local\Programs\MiKTeX\tex/latex/babel-en
glish\english.ldf
Language: english 2017/06/06 v3.3r English support from the babel system
Package babel Info: Hyphen rules for 'canadian' set to \l@english
(babel)             (\language0). Reported on input line 102.
Package babel Info: Hyphen rules for 'australian' set to \l@ukenglish
(babel)             (\language73). Reported on input line 105.
Package babel Info: Hyphen rules for 'newzealand' set to \l@ukenglish
(babel)             (\language73). Reported on input line 108.
)
(C:\Users\ekaterina.bryanskaya\AppData\Local\Programs\MiKTeX\tex/latex/babel-ru
ssian\russianb.ldf
File: russianb.ldf 2021/01/10 1.3m Russian support for the Babel system
Language: russian 2020/09/09 1.3k Russian support for the Babel system
Package babel Info: Making " an active character on input line 124.
Package babel Info: Default for \cyrdash is provided on input line 163.
))
(C:\Users\ekaterina.bryanskaya\AppData\Local\Programs\MiKTeX\tex/generic/babel/
locale/ru\babel-russian.tex
Package babel Info: Importing font and identification data for russian
(babel)             from babel-ru.ini. Reported on input line 11.
)
(C:\Users\ekaterina.bryanskaya\AppData\Local\Programs\MiKTeX\tex/generic/babel/
locale/en\babel-english.tex
Package babel Info: Importing font and identification data for english
(babel)             from babel-en.ini. Reported on input line 11.
)
(C:\Users\ekaterina.bryanskaya\AppData\Local\Programs\MiKTeX\tex/latex/fontspec
\fontspec.sty
(C:\Users\ekaterina.bryanskaya\AppData\Local\Programs\MiKTeX\tex/latex/l3packag
es/xparse\xparse.sty
(C:\Users\ekaterina.bryanskaya\AppData\Local\Programs\MiKTeX\tex/latex/l3kernel
\expl3.sty
Package: expl3 2022-09-28 L3 programming layer (loader) 

(C:\Users\ekaterina.bryanskaya\AppData\Local\Programs\MiKTeX\tex/latex/l3backen
d\l3backend-xetex.def
File: l3backend-xetex.def 2022-09-28 L3 backend support: XeTeX
\g__graphics_track_int=\count191
\l__pdf_internal_box=\box51
\g__pdf_backend_object_int=\count192
\g__pdf_backend_annotation_int=\count193
\g__pdf_backend_link_int=\count194
))
Package: xparse 2022-06-22 L3 Experimental document command parser
)
Package: fontspec 2022/01/15 v2.8a Font selection for XeLaTeX and LuaLaTeX

(C:\Users\ekaterina.bryanskaya\AppData\Local\Programs\MiKTeX\tex/latex/fontspec
\fontspec-xetex.sty
Package: fontspec-xetex 2022/01/15 v2.8a Font selection for XeLaTeX and LuaLaTe
X
\l__fontspec_script_int=\count195
\l__fontspec_language_int=\count196
\l__fontspec_strnum_int=\count197
\l__fontspec_tmp_int=\count198
\l__fontspec_tmpa_int=\count199
\l__fontspec_tmpb_int=\count266
\l__fontspec_tmpc_int=\count267
\l__fontspec_em_int=\count268
\l__fontspec_emdef_int=\count269
\l__fontspec_strong_int=\count270
\l__fontspec_strongdef_int=\count271
\l__fontspec_tmpa_dim=\dimen141
\l__fontspec_tmpb_dim=\dimen142
\l__fontspec_tmpc_dim=\dimen143

(C:\Users\ekaterina.bryanskaya\AppData\Local\Programs\MiKTeX\tex/latex/base\fon
tenc.sty
Package: fontenc 2021/04/29 v2.0v Standard LaTeX package
)
(C:\Users\ekaterina.bryanskaya\AppData\Local\Programs\MiKTeX\tex/latex/fontspec
\fontspec.cfg)))

Package fontspec Info: Font family 'TimesNewRoman(0)' created for font 'Times
(fontspec)             New Roman' with options [Ligatures=TeX].
(fontspec)              
(fontspec)              This font family consists of the following NFSS
(fontspec)             series/shapes:
(fontspec)              
(fontspec)             - 'normal' (m/n) with NFSS spec.: <->"Times New
(fontspec)             Roman/OT:script=latn;language=dflt;mapping=tex-text;"
(fontspec)             - 'small caps'  (m/sc) with NFSS spec.: <->"Times New
(fontspec)             Roman/OT:script=latn;language=dflt;+smcp;mapping=tex-tex
t;"
(fontspec)             - 'bold' (b/n) with NFSS spec.: <->"Times New
(fontspec)             Roman/B/OT:script=latn;language=dflt;mapping=tex-text;"
(fontspec)             - 'bold small caps'  (b/sc) with NFSS spec.: <->"Times
(fontspec)             New
(fontspec)             Roman/B/OT:script=latn;language=dflt;+smcp;mapping=tex-t
ext;"
(fontspec)             - 'italic' (m/it) with NFSS spec.: <->"Times New
(fontspec)             Roman/I/OT:script=latn;language=dflt;mapping=tex-text;"
(fontspec)             - 'italic small caps'  (m/scit) with NFSS spec.:
(fontspec)             <->"Times New
(fontspec)             Roman/I/OT:script=latn;language=dflt;+smcp;mapping=tex-t
ext;"
(fontspec)             - 'bold italic' (b/it) with NFSS spec.: <->"Times New
(fontspec)             Roman/BI/OT:script=latn;language=dflt;mapping=tex-text;"

(fontspec)             - 'bold italic small caps'  (b/scit) with NFSS spec.:
(fontspec)             <->"Times New
(fontspec)             Roman/BI/OT:script=latn;language=dflt;+smcp;mapping=tex-
text;"


(C:\Users\ekaterina.bryanskaya\AppData\Local\Programs\MiKTeX\tex/latex/geometry
\geometry.sty
Package: geometry 2020/01/02 v5.9 Page Geometry

(C:\Users\ekaterina.bryanskaya\AppData\Local\Programs\MiKTeX\tex/latex/graphics
\keyval.sty
Package: keyval 2022/05/29 v1.15 key=value parser (DPC)
\KV@toks@=\toks16
)
(C:\Users\ekaterina.bryanskaya\AppData\Local\Programs\MiKTeX\tex/generic/iftex\
ifvtex.sty
Package: ifvtex 2019/10/25 v1.7 ifvtex legacy package. Use iftex instead.

(C:\Users\ekaterina.bryanskaya\AppData\Local\Programs\MiKTeX\tex/generic/iftex\
iftex.sty
Package: iftex 2022/02/03 v1.0f TeX engine tests
))
\Gm@cnth=\count272
\Gm@cntv=\count273
\c@Gm@tempcnt=\count274
\Gm@bindingoffset=\dimen144
\Gm@wd@mp=\dimen145
\Gm@odd@mp=\dimen146
\Gm@even@mp=\dimen147
\Gm@layoutwidth=\dimen148
\Gm@layoutheight=\dimen149
\Gm@layouthoffset=\dimen150
\Gm@layoutvoffset=\dimen151
\Gm@dimlist=\toks17

(C:\Users\ekaterina.bryanskaya\AppData\Local\Programs\MiKTeX\tex/latex/geometry
\geometry.cfg))
(C:\Users\ekaterina.bryanskaya\AppData\Local\Programs\MiKTeX\tex/latex/t2\miscc
orr.sty
Package: misccorr 1999/09/23 v0.1 misc corrections for russian typesetting

(C:\Users\ekaterina.bryanskaya\AppData\Local\Programs\MiKTeX\tex/latex/amsfonts
\amssymb.sty
Package: amssymb 2013/01/14 v3.01 AMS font symbols

(C:\Users\ekaterina.bryanskaya\AppData\Local\Programs\MiKTeX\tex/latex/amsfonts
\amsfonts.sty
Package: amsfonts 2013/01/14 v3.01 Basic AMSFonts support
\@emptytoks=\toks18
\symAMSa=\mathgroup4
\symAMSb=\mathgroup5
LaTeX Font Info:    Redeclaring math symbol \hbar on input line 98.
LaTeX Font Info:    Overwriting math alphabet `\mathfrak' in version `bold'
(Font)                  U/euf/m/n --> U/euf/b/n on input line 106.
))
(C:\Users\ekaterina.bryanskaya\AppData\Local\Programs\MiKTeX\tex/latex/tools\en
umerate.sty
Package: enumerate 2015/07/23 v3.00 enumerate extensions (DPC)
\@enLab=\toks19
)
Invalid UTF-8 byte or sequence at line 29 replaced by U+FFFD.
Invalid UTF-8 byte or sequence at line 29 replaced by U+FFFD.
Invalid UTF-8 byte or sequence at line 29 replaced by U+FFFD.
Invalid UTF-8 byte or sequence at line 29 replaced by U+FFFD.
Invalid UTF-8 byte or sequence at line 29 replaced by U+FFFD.
Invalid UTF-8 byte or sequence at line 29 replaced by U+FFFD.
Invalid UTF-8 byte or sequence at line 29 replaced by U+FFFD.
Invalid UTF-8 byte or sequence at line 29 replaced by U+FFFD.
Invalid UTF-8 byte or sequence at line 29 replaced by U+FFFD.
Invalid UTF-8 byte or sequence at line 29 replaced by U+FFFD.
Invalid UTF-8 byte or sequence at line 29 replaced by U+FFFD.
Invalid UTF-8 byte or sequence at line 29 replaced by U+FFFD.
Invalid UTF-8 byte or sequence at line 29 replaced by U+FFFD.
Invalid UTF-8 byte or sequence at line 29 replaced by U+FFFD.
Invalid UTF-8 byte or sequence at line 29 replaced by U+FFFD.
Invalid UTF-8 byte or sequence at line 29 replaced by U+FFFD.
Invalid UTF-8 byte or sequence at line 29 replaced by U+FFFD.
Invalid UTF-8 byte or sequence at line 29 replaced by U+FFFD.
Invalid UTF-8 byte or sequence at line 29 replaced by U+FFFD.
Invalid UTF-8 byte or sequence at line 29 replaced by U+FFFD.
Invalid UTF-8 byte or sequence at line 29 replaced by U+FFFD.
Invalid UTF-8 byte or sequence at line 29 replaced by U+FFFD.
Invalid UTF-8 byte or sequence at line 29 replaced by U+FFFD.
Invalid UTF-8 byte or sequence at line 29 replaced by U+FFFD.
Invalid UTF-8 byte or sequence at line 29 replaced by U+FFFD.
Invalid UTF-8 byte or sequence at line 29 replaced by U+FFFD.
Invalid UTF-8 byte or sequence at line 29 replaced by U+FFFD.
Invalid UTF-8 byte or sequence at line 38 replaced by U+FFFD.
Invalid UTF-8 byte or sequence at line 38 replaced by U+FFFD.
Invalid UTF-8 byte or sequence at line 38 replaced by U+FFFD.
Invalid UTF-8 byte or sequence at line 38 replaced by U+FFFD.
Invalid UTF-8 byte or sequence at line 38 replaced by U+FFFD.
Invalid UTF-8 byte or sequence at line 38 replaced by U+FFFD.
Invalid UTF-8 byte or sequence at line 38 replaced by U+FFFD.
Invalid UTF-8 byte or sequence at line 38 replaced by U+FFFD.
Invalid UTF-8 byte or sequence at line 38 replaced by U+FFFD.
Invalid UTF-8 byte or sequence at line 38 replaced by U+FFFD.
Invalid UTF-8 byte or sequence at line 38 replaced by U+FFFD.
Invalid UTF-8 byte or sequence at line 38 replaced by U+FFFD.
Invalid UTF-8 byte or sequence at line 38 replaced by U+FFFD.
Invalid UTF-8 byte or sequence at line 38 replaced by U+FFFD.
Invalid UTF-8 byte or sequence at line 38 replaced by U+FFFD.
Invalid UTF-8 byte or sequence at line 38 replaced by U+FFFD.
Invalid UTF-8 byte or sequence at line 38 replaced by U+FFFD.
Invalid UTF-8 byte or sequence at line 38 replaced by U+FFFD.
Invalid UTF-8 byte or sequence at line 38 replaced by U+FFFD.
Invalid UTF-8 byte or sequence at line 38 replaced by U+FFFD.
Invalid UTF-8 byte or sequence at line 38 replaced by U+FFFD.
Invalid UTF-8 byte or sequence at line 38 replaced by U+FFFD.
Invalid UTF-8 byte or sequence at line 38 replaced by U+FFFD.
Invalid UTF-8 byte or sequence at line 38 replaced by U+FFFD.
Invalid UTF-8 byte or sequence at line 38 replaced by U+FFFD.
Invalid UTF-8 byte or sequence at line 38 replaced by U+FFFD.
Invalid UTF-8 byte or sequence at line 38 replaced by U+FFFD.
Invalid UTF-8 byte or sequence at line 38 replaced by U+FFFD.
Invalid UTF-8 byte or sequence at line 38 replaced by U+FFFD.
Invalid UTF-8 byte or sequence at line 38 replaced by U+FFFD.
Invalid UTF-8 byte or sequence at line 38 replaced by U+FFFD.
Invalid UTF-8 byte or sequence at line 38 replaced by U+FFFD.
Invalid UTF-8 byte or sequence at line 38 replaced by U+FFFD.
Invalid UTF-8 byte or sequence at line 38 replaced by U+FFFD.
Invalid UTF-8 byte or sequence at line 38 replaced by U+FFFD.
Invalid UTF-8 byte or sequence at line 38 replaced by U+FFFD.
Invalid UTF-8 byte or sequence at line 38 replaced by U+FFFD.
Invalid UTF-8 byte or sequence at line 38 replaced by U+FFFD.
Invalid UTF-8 byte or sequence at line 40 replaced by U+FFFD.
Invalid UTF-8 byte or sequence at line 40 replaced by U+FFFD.
Invalid UTF-8 byte or sequence at line 40 replaced by U+FFFD.
Invalid UTF-8 byte or sequence at line 40 replaced by U+FFFD.
Invalid UTF-8 byte or sequence at line 40 replaced by U+FFFD.
Invalid UTF-8 byte or sequence at line 40 replaced by U+FFFD.
Invalid UTF-8 byte or sequence at line 40 replaced by U+FFFD.
Invalid UTF-8 byte or sequence at line 47 replaced by U+FFFD.
Invalid UTF-8 byte or sequence at line 47 replaced by U+FFFD.
Invalid UTF-8 byte or sequence at line 47 replaced by U+FFFD.
Invalid UTF-8 byte or sequence at line 47 replaced by U+FFFD.
Invalid UTF-8 byte or sequence at line 47 replaced by U+FFFD.
Invalid UTF-8 byte or sequence at line 47 replaced by U+FFFD.
Invalid UTF-8 byte or sequence at line 47 replaced by U+FFFD.
Invalid UTF-8 byte or sequence at line 47 replaced by U+FFFD.
Invalid UTF-8 byte or sequence at line 47 replaced by U+FFFD.
Invalid UTF-8 byte or sequence at line 47 replaced by U+FFFD.
Invalid UTF-8 byte or sequence at line 47 replaced by U+FFFD.
Invalid UTF-8 byte or sequence at line 47 replaced by U+FFFD.
Invalid UTF-8 byte or sequence at line 47 replaced by U+FFFD.
Invalid UTF-8 byte or sequence at line 47 replaced by U+FFFD.
Invalid UTF-8 byte or sequence at line 47 replaced by U+FFFD.
Invalid UTF-8 byte or sequence at line 47 replaced by U+FFFD.
Invalid UTF-8 byte or sequence at line 47 replaced by U+FFFD.
Invalid UTF-8 byte or sequence at line 47 replaced by U+FFFD.
Invalid UTF-8 byte or sequence at line 47 replaced by U+FFFD.
Invalid UTF-8 byte or sequence at line 47 replaced by U+FFFD.
Invalid UTF-8 byte or sequence at line 47 replaced by U+FFFD.
Invalid UTF-8 byte or sequence at line 47 replaced by U+FFFD.
Invalid UTF-8 byte or sequence at line 47 replaced by U+FFFD.
Invalid UTF-8 byte or sequence at line 47 replaced by U+FFFD.
Invalid UTF-8 byte or sequence at line 48 replaced by U+FFFD.
Invalid UTF-8 byte or sequence at line 48 replaced by U+FFFD.
Invalid UTF-8 byte or sequence at line 48 replaced by U+FFFD.
Invalid UTF-8 byte or sequence at line 48 replaced by U+FFFD.
Invalid UTF-8 byte or sequence at line 48 replaced by U+FFFD.
Invalid UTF-8 byte or sequence at line 48 replaced by U+FFFD.
Invalid UTF-8 byte or sequence at line 48 replaced by U+FFFD.
Invalid UTF-8 byte or sequence at line 48 replaced by U+FFFD.
Invalid UTF-8 byte or sequence at line 48 replaced by U+FFFD.
Invalid UTF-8 byte or sequence at line 48 replaced by U+FFFD.
Invalid UTF-8 byte or sequence at line 48 replaced by U+FFFD.
Invalid UTF-8 byte or sequence at line 48 replaced by U+FFFD.
Invalid UTF-8 byte or sequence at line 48 replaced by U+FFFD.
Invalid UTF-8 byte or sequence at line 48 replaced by U+FFFD.
Invalid UTF-8 byte or sequence at line 48 replaced by U+FFFD.
Invalid UTF-8 byte or sequence at line 48 replaced by U+FFFD.
Invalid UTF-8 byte or sequence at line 48 replaced by U+FFFD.
Invalid UTF-8 byte or sequence at line 48 replaced by U+FFFD.
Invalid UTF-8 byte or sequence at line 48 replaced by U+FFFD.
Invalid UTF-8 byte or sequence at line 48 replaced by U+FFFD.
Invalid UTF-8 byte or sequence at line 48 replaced by U+FFFD.
Invalid UTF-8 byte or sequence at line 48 replaced by U+FFFD.
Invalid UTF-8 byte or sequence at line 48 replaced by U+FFFD.
Invalid UTF-8 byte or sequence at line 48 replaced by U+FFFD.
Invalid UTF-8 byte or sequence at line 48 replaced by U+FFFD.
Invalid UTF-8 byte or sequence at line 48 replaced by U+FFFD.
Invalid UTF-8 byte or sequence at line 49 replaced by U+FFFD.
Invalid UTF-8 byte or sequence at line 49 replaced by U+FFFD.
Invalid UTF-8 byte or sequence at line 49 replaced by U+FFFD.
Invalid UTF-8 byte or sequence at line 49 replaced by U+FFFD.
Invalid UTF-8 byte or sequence at line 49 replaced by U+FFFD.
Invalid UTF-8 byte or sequence at line 49 replaced by U+FFFD.
Invalid UTF-8 byte or sequence at line 49 replaced by U+FFFD.
Invalid UTF-8 byte or sequence at line 49 replaced by U+FFFD.
Invalid UTF-8 byte or sequence at line 49 replaced by U+FFFD.
Invalid UTF-8 byte or sequence at line 49 replaced by U+FFFD.
Invalid UTF-8 byte or sequence at line 49 replaced by U+FFFD.
Invalid UTF-8 byte or sequence at line 49 replaced by U+FFFD.
Invalid UTF-8 byte or sequence at line 49 replaced by U+FFFD.
Invalid UTF-8 byte or sequence at line 49 replaced by U+FFFD.
Invalid UTF-8 byte or sequence at line 49 replaced by U+FFFD.
Invalid UTF-8 byte or sequence at line 49 replaced by U+FFFD.
Invalid UTF-8 byte or sequence at line 49 replaced by U+FFFD.
Invalid UTF-8 byte or sequence at line 49 replaced by U+FFFD.
Invalid UTF-8 byte or sequence at line 49 replaced by U+FFFD.
Invalid UTF-8 byte or sequence at line 49 replaced by U+FFFD.
Invalid UTF-8 byte or sequence at line 49 replaced by U+FFFD.
Invalid UTF-8 byte or sequence at line 49 replaced by U+FFFD.
Invalid UTF-8 byte or sequence at line 49 replaced by U+FFFD.
Invalid UTF-8 byte or sequence at line 49 replaced by U+FFFD.
Invalid UTF-8 byte or sequence at line 49 replaced by U+FFFD.
Invalid UTF-8 byte or sequence at line 49 replaced by U+FFFD.
Invalid UTF-8 byte or sequence at line 50 replaced by U+FFFD.
Invalid UTF-8 byte or sequence at line 50 replaced by U+FFFD.
Invalid UTF-8 byte or sequence at line 50 replaced by U+FFFD.
Invalid UTF-8 byte or sequence at line 50 replaced by U+FFFD.
Invalid UTF-8 byte or sequence at line 50 replaced by U+FFFD.
Invalid UTF-8 byte or sequence at line 50 replaced by U+FFFD.
Invalid UTF-8 byte or sequence at line 50 replaced by U+FFFD.
Invalid UTF-8 byte or sequence at line 50 replaced by U+FFFD.
Invalid UTF-8 byte or sequence at line 50 replaced by U+FFFD.
Invalid UTF-8 byte or sequence at line 50 replaced by U+FFFD.
Invalid UTF-8 byte or sequence at line 50 replaced by U+FFFD.
Invalid UTF-8 byte or sequence at line 50 replaced by U+FFFD.
Invalid UTF-8 byte or sequence at line 50 replaced by U+FFFD.
Invalid UTF-8 byte or sequence at line 50 replaced by U+FFFD.
Invalid UTF-8 byte or sequence at line 50 replaced by U+FFFD.
Invalid UTF-8 byte or sequence at line 50 replaced by U+FFFD.
Invalid UTF-8 byte or sequence at line 50 replaced by U+FFFD.
Invalid UTF-8 byte or sequence at line 50 replaced by U+FFFD.
Invalid UTF-8 byte or sequence at line 50 replaced by U+FFFD.
Invalid UTF-8 byte or sequence at line 50 replaced by U+FFFD.
Invalid UTF-8 byte or sequence at line 50 replaced by U+FFFD.
Invalid UTF-8 byte or sequence at line 50 replaced by U+FFFD.
Invalid UTF-8 byte or sequence at line 50 replaced by U+FFFD.
Invalid UTF-8 byte or sequence at line 50 replaced by U+FFFD.
Invalid UTF-8 byte or sequence at line 50 replaced by U+FFFD.
\c@rlistctr=\count275
Invalid UTF-8 byte or sequence at line 228 replaced by U+FFFD.
Invalid UTF-8 byte or sequence at line 228 replaced by U+FFFD.
Invalid UTF-8 byte or sequence at line 228 replaced by U+FFFD.
Invalid UTF-8 byte or sequence at line 228 replaced by U+FFFD.
Invalid UTF-8 byte or sequence at line 228 replaced by U+FFFD.
Invalid UTF-8 byte or sequence at line 228 replaced by U+FFFD.
Invalid UTF-8 byte or sequence at line 228 replaced by U+FFFD.
Invalid UTF-8 byte or sequence at line 228 replaced by U+FFFD.
Invalid UTF-8 byte or sequence at line 228 replaced by U+FFFD.
Invalid UTF-8 byte or sequence at line 228 replaced by U+FFFD.
Invalid UTF-8 byte or sequence at line 228 replaced by U+FFFD.
Invalid UTF-8 byte or sequence at line 228 replaced by U+FFFD.
Invalid UTF-8 byte or sequence at line 228 replaced by U+FFFD.
Invalid UTF-8 byte or sequence at line 228 replaced by U+FFFD.
Invalid UTF-8 byte or sequence at line 228 replaced by U+FFFD.
Invalid UTF-8 byte or sequence at line 228 replaced by U+FFFD.
Invalid UTF-8 byte or sequence at line 228 replaced by U+FFFD.
Invalid UTF-8 byte or sequence at line 228 replaced by U+FFFD.
Invalid UTF-8 byte or sequence at line 228 replaced by U+FFFD.
Invalid UTF-8 byte or sequence at line 228 replaced by U+FFFD.
Invalid UTF-8 byte or sequence at line 266 replaced by U+FFFD.
Invalid UTF-8 byte or sequence at line 266 replaced by U+FFFD.
Invalid UTF-8 byte or sequence at line 266 replaced by U+FFFD.
Invalid UTF-8 byte or sequence at line 266 replaced by U+FFFD.
Invalid UTF-8 byte or sequence at line 266 replaced by U+FFFD.
Invalid UTF-8 byte or sequence at line 266 replaced by U+FFFD.
Invalid UTF-8 byte or sequence at line 266 replaced by U+FFFD.
Invalid UTF-8 byte or sequence at line 266 replaced by U+FFFD.
Invalid UTF-8 byte or sequence at line 266 replaced by U+FFFD.
Invalid UTF-8 byte or sequence at line 266 replaced by U+FFFD.
Invalid UTF-8 byte or sequence at line 266 replaced by U+FFFD.
Invalid UTF-8 byte or sequence at line 266 replaced by U+FFFD.
Invalid UTF-8 byte or sequence at line 266 replaced by U+FFFD.
Invalid UTF-8 byte or sequence at line 266 replaced by U+FFFD.
Invalid UTF-8 byte or sequence at line 266 replaced by U+FFFD.
Invalid UTF-8 byte or sequence at line 266 replaced by U+FFFD.
Invalid UTF-8 byte or sequence at line 266 replaced by U+FFFD.
Invalid UTF-8 byte or sequence at line 266 replaced by U+FFFD.
Invalid UTF-8 byte or sequence at line 266 replaced by U+FFFD.
Invalid UTF-8 byte or sequence at line 266 replaced by U+FFFD.
Invalid UTF-8 byte or sequence at line 266 replaced by U+FFFD.
Invalid UTF-8 byte or sequence at line 266 replaced by U+FFFD.
Invalid UTF-8 byte or sequence at line 266 replaced by U+FFFD.
Invalid UTF-8 byte or sequence at line 266 replaced by U+FFFD.
Invalid UTF-8 byte or sequence at line 266 replaced by U+FFFD.
Invalid UTF-8 byte or sequence at line 266 replaced by U+FFFD.
Invalid UTF-8 byte or sequence at line 266 replaced by U+FFFD.
Invalid UTF-8 byte or sequence at line 266 replaced by U+FFFD.
Invalid UTF-8 byte or sequence at line 266 replaced by U+FFFD.
Invalid UTF-8 byte or sequence at line 266 replaced by U+FFFD.
Invalid UTF-8 byte or sequence at line 266 replaced by U+FFFD.
Invalid UTF-8 byte or sequence at line 266 replaced by U+FFFD.
Invalid UTF-8 byte or sequence at line 266 replaced by U+FFFD.
Invalid UTF-8 byte or sequence at line 266 replaced by U+FFFD.
Invalid UTF-8 byte or sequence at line 304 replaced by U+FFFD.
Invalid UTF-8 byte or sequence at line 304 replaced by U+FFFD.
Invalid UTF-8 byte or sequence at line 304 replaced by U+FFFD.
Invalid UTF-8 byte or sequence at line 304 replaced by U+FFFD.
Invalid UTF-8 byte or sequence at line 304 replaced by U+FFFD.
Invalid UTF-8 byte or sequence at line 304 replaced by U+FFFD.
Invalid UTF-8 byte or sequence at line 304 replaced by U+FFFD.
Invalid UTF-8 byte or sequence at line 304 replaced by U+FFFD.
Invalid UTF-8 byte or sequence at line 304 replaced by U+FFFD.
Invalid UTF-8 byte or sequence at line 304 replaced by U+FFFD.
Invalid UTF-8 byte or sequence at line 304 replaced by U+FFFD.
Invalid UTF-8 byte or sequence at line 304 replaced by U+FFFD.
Invalid UTF-8 byte or sequence at line 304 replaced by U+FFFD.
Invalid UTF-8 byte or sequence at line 304 replaced by U+FFFD.
Invalid UTF-8 byte or sequence at line 304 replaced by U+FFFD.
Invalid UTF-8 byte or sequence at line 304 replaced by U+FFFD.
Invalid UTF-8 byte or sequence at line 304 replaced by U+FFFD.
Invalid UTF-8 byte or sequence at line 304 replaced by U+FFFD.
Invalid UTF-8 byte or sequence at line 304 replaced by U+FFFD.
Invalid UTF-8 byte or sequence at line 304 replaced by U+FFFD.
Invalid UTF-8 byte or sequence at line 304 replaced by U+FFFD.
Invalid UTF-8 byte or sequence at line 304 replaced by U+FFFD.
Invalid UTF-8 byte or sequence at line 304 replaced by U+FFFD.
)
(C:\Users\ekaterina.bryanskaya\AppData\Local\Programs\MiKTeX\tex/latex/tools\in
dentfirst.sty
Package: indentfirst 1995/11/23 v1.03 Indent first paragraph (DPC)
)
(C:\Users\ekaterina.bryanskaya\AppData\Local\Programs\MiKTeX\tex/latex/enumitem
\enumitem.sty
Package: enumitem 2019/06/20 v3.9 Customized lists
\labelindent=\skip49
\enit@outerparindent=\dimen152
\enit@toks=\toks20
\enit@inbox=\box52
\enit@count@id=\count276
\enitdp@description=\count277
)
(C:\Users\ekaterina.bryanskaya\AppData\Local\Programs\MiKTeX\tex/latex/tools\ar
ray.sty
Package: array 2022/03/10 v2.5f Tabular extension package (FMi)
\col@sep=\dimen153
\ar@mcellbox=\box53
\extrarowheight=\dimen154
\NC@list=\toks21
\extratabsurround=\skip50
\backup@length=\skip51
\ar@cellbox=\box54
)
(C:\Users\ekaterina.bryanskaya\AppData\Local\Programs\MiKTeX\tex/latex/titlesec
\titlesec.sty
Package: titlesec 2021/07/05 v2.14 Sectioning titles
\ttl@box=\box55
\beforetitleunit=\skip52
\aftertitleunit=\skip53
\ttl@plus=\dimen155
\ttl@minus=\dimen156
\ttl@toksa=\toks22
\titlewidth=\dimen157
\titlewidthlast=\dimen158
\titlewidthfirst=\dimen159
)
(C:\Users\ekaterina.bryanskaya\AppData\Local\Programs\MiKTeX\tex/latex/caption\
caption.sty
Package: caption 2022/03/01 v3.6b Customizing captions (AR)

(C:\Users\ekaterina.bryanskaya\AppData\Local\Programs\MiKTeX\tex/latex/caption\
caption3.sty
Package: caption3 2022/03/17 v2.3b caption3 kernel (AR)
\caption@tempdima=\dimen160
\captionmargin=\dimen161
\caption@leftmargin=\dimen162
\caption@rightmargin=\dimen163
\caption@width=\dimen164
\caption@indent=\dimen165
\caption@parindent=\dimen166
\caption@hangindent=\dimen167
Package caption Info: Unknown document class (or package),
(caption)             standard defaults will be used.
Package caption Info: \@makecaption = \long macro:#1#2->\vskip \abovecaptionski
p \sbox \@tempboxa {#1. #2}\ifdim \wd \@tempboxa >\hsize #1. #2\par \else \glob
al \@minipagefalse \hb@xt@ \hsize {\hfil \box \@tempboxa \hfil }\fi \vskip \bel
owcaptionskip  on input line 1176.
)

Package caption Warning: Unknown document class (or package),
(caption)                standard defaults will be used.
See the caption package documentation for explanation.

\c@caption@flags=\count278
\c@continuedfloat=\count279
)
(C:\Users\ekaterina.bryanskaya\AppData\Local\Programs\MiKTeX\tex/latex/graphics
\graphicx.sty
Package: graphicx 2021/09/16 v1.2d Enhanced LaTeX Graphics (DPC,SPQR)

(C:\Users\ekaterina.bryanskaya\AppData\Local\Programs\MiKTeX\tex/latex/graphics
\graphics.sty
Package: graphics 2022/03/10 v1.4e Standard LaTeX Graphics (DPC,SPQR)

(C:\Users\ekaterina.bryanskaya\AppData\Local\Programs\MiKTeX\tex/latex/graphics
\trig.sty
Package: trig 2021/08/11 v1.11 sin cos tan (DPC)
)
(C:\Users\ekaterina.bryanskaya\AppData\Local\Programs\MiKTeX\tex/latex/graphics
-cfg\graphics.cfg
File: graphics.cfg 2016/06/04 v1.11 sample graphics configuration
)
Package graphics Info: Driver file: xetex.def on input line 107.

(C:\Users\ekaterina.bryanskaya\AppData\Local\Programs\MiKTeX\tex/latex/graphics
-def\xetex.def
File: xetex.def 2022/09/22 v5.0n Graphics/color driver for xetex
\stockwidth=\dimen168
\stockheight=\dimen169
))
\Gin@req@height=\dimen170
\Gin@req@width=\dimen171
)
(C:\Users\ekaterina.bryanskaya\AppData\Local\Programs\MiKTeX\tex/latex/slashbox
\slashbox.sty
slashbox style by K.Yasuoka, May 1993.
\@slashboxa=\box56
\@slashboxb=\box57
\@slashboxc=\box58
\@slashboxwd=\count280
\@slashboxht=\count281
\@slashsepl=\dimen172
\@slashsepr=\dimen173
)
(C:\Users\ekaterina.bryanskaya\AppData\Local\Programs\MiKTeX\tex/latex/graphics
\color.sty
Package: color 2022/01/06 v1.3d Standard LaTeX Color (DPC)

(C:\Users\ekaterina.bryanskaya\AppData\Local\Programs\MiKTeX\tex/latex/graphics
-cfg\color.cfg
File: color.cfg 2016/01/02 v1.6 sample color configuration
)
Package color Info: Driver file: xetex.def on input line 149.

(C:\Users\ekaterina.bryanskaya\AppData\Local\Programs\MiKTeX\tex/latex/graphics
\mathcolor.ltx))
(C:\Users\ekaterina.bryanskaya\AppData\Local\Programs\MiKTeX\tex/latex/hyperref
\hyperref.sty
Package: hyperref 2022-09-22 v7.00t Hypertext links for LaTeX

(C:\Users\ekaterina.bryanskaya\AppData\Local\Programs\MiKTeX\tex/generic/ltxcmd
s\ltxcmds.sty
Package: ltxcmds 2020-05-10 v1.25 LaTeX kernel commands for general use (HO)
)
(C:\Users\ekaterina.bryanskaya\AppData\Local\Programs\MiKTeX\tex/generic/pdftex
cmds\pdftexcmds.sty
Package: pdftexcmds 2020-06-27 v0.33 Utility functions of pdfTeX for LuaTeX (HO
)

(C:\Users\ekaterina.bryanskaya\AppData\Local\Programs\MiKTeX\tex/generic/infwar
err\infwarerr.sty
Package: infwarerr 2019/12/03 v1.5 Providing info/warning/error messages (HO)
)
Package pdftexcmds Info: \pdf@primitive is available.
Package pdftexcmds Info: \pdf@ifprimitive is available.
Package pdftexcmds Info: \pdfdraftmode not found.
)
(C:\Users\ekaterina.bryanskaya\AppData\Local\Programs\MiKTeX\tex/latex/kvsetkey
s\kvsetkeys.sty
Package: kvsetkeys 2022-10-05 v1.19 Key value parser (HO)
)
(C:\Users\ekaterina.bryanskaya\AppData\Local\Programs\MiKTeX\tex/generic/kvdefi
nekeys\kvdefinekeys.sty
Package: kvdefinekeys 2019-12-19 v1.6 Define keys (HO)
)
(C:\Users\ekaterina.bryanskaya\AppData\Local\Programs\MiKTeX\tex/generic/pdfesc
ape\pdfescape.sty
Package: pdfescape 2019/12/09 v1.15 Implements pdfTeX's escape features (HO)
)
(C:\Users\ekaterina.bryanskaya\AppData\Local\Programs\MiKTeX\tex/latex/hycolor\
hycolor.sty
Package: hycolor 2020-01-27 v1.10 Color options for hyperref/bookmark (HO)
)
(C:\Users\ekaterina.bryanskaya\AppData\Local\Programs\MiKTeX\tex/latex/letltxma
cro\letltxmacro.sty
Package: letltxmacro 2019/12/03 v1.6 Let assignment for LaTeX macros (HO)
)
(C:\Users\ekaterina.bryanskaya\AppData\Local\Programs\MiKTeX\tex/latex/auxhook\
auxhook.sty
Package: auxhook 2019-12-17 v1.6 Hooks for auxiliary files (HO)
)
(C:\Users\ekaterina.bryanskaya\AppData\Local\Programs\MiKTeX\tex/latex/hyperref
\nameref.sty
Package: nameref 2022-05-17 v2.50 Cross-referencing by name of section

(C:\Users\ekaterina.bryanskaya\AppData\Local\Programs\MiKTeX\tex/latex/refcount
\refcount.sty
Package: refcount 2019/12/15 v3.6 Data extraction from label references (HO)
)
(C:\Users\ekaterina.bryanskaya\AppData\Local\Programs\MiKTeX\tex/generic/gettit
lestring\gettitlestring.sty
Package: gettitlestring 2019/12/15 v1.6 Cleanup title references (HO)

(C:\Users\ekaterina.bryanskaya\AppData\Local\Programs\MiKTeX\tex/latex/kvoption
s\kvoptions.sty
Package: kvoptions 2022-06-15 v3.15 Key value format for package options (HO)
))
\c@section@level=\count282
)
\@linkdim=\dimen174
\Hy@linkcounter=\count283
\Hy@pagecounter=\count284

(C:\Users\ekaterina.bryanskaya\AppData\Local\Programs\MiKTeX\tex/latex/hyperref
\pd1enc.def
File: pd1enc.def 2022-09-22 v7.00t Hyperref: PDFDocEncoding definition (HO)
)
(C:\Users\ekaterina.bryanskaya\AppData\Local\Programs\MiKTeX\tex/generic/intcal
c\intcalc.sty
Package: intcalc 2019/12/15 v1.3 Expandable calculations with integers (HO)
)
(C:\Users\ekaterina.bryanskaya\AppData\Local\Programs\MiKTeX\tex/generic/etexcm
ds\etexcmds.sty
Package: etexcmds 2019/12/15 v1.7 Avoid name clashes with e-TeX commands (HO)
)
\Hy@SavedSpaceFactor=\count285

(C:\Users\ekaterina.bryanskaya\AppData\Local\Programs\MiKTeX\tex/latex/hyperref
\puenc.def
File: puenc.def 2022-09-22 v7.00t Hyperref: PDF Unicode definition (HO)
)
Package hyperref Info: Option `unicode' set `true' on input line 3149.
Package hyperref Info: Hyper figures OFF on input line 4162.
Package hyperref Info: Link nesting OFF on input line 4167.
Package hyperref Info: Hyper index ON on input line 4170.
Package hyperref Info: Plain pages OFF on input line 4177.
Package hyperref Info: Backreferencing OFF on input line 4182.
Package hyperref Info: Implicit mode ON; LaTeX internals redefined.
Package hyperref Info: Bookmarks ON on input line 4410.
\c@Hy@tempcnt=\count286

(C:\Users\ekaterina.bryanskaya\AppData\Local\Programs\MiKTeX\tex/latex/url\url.
sty
\Urlmuskip=\muskip16
Package: url 2013/09/16  ver 3.4  Verb mode for urls, etc.
)
LaTeX Info: Redefining \url on input line 4748.
\XeTeXLinkMargin=\dimen175

(C:\Users\ekaterina.bryanskaya\AppData\Local\Programs\MiKTeX\tex/generic/bitset
\bitset.sty
Package: bitset 2019/12/09 v1.3 Handle bit-vector datatype (HO)

(C:\Users\ekaterina.bryanskaya\AppData\Local\Programs\MiKTeX\tex/generic/bigint
calc\bigintcalc.sty
Package: bigintcalc 2019/12/15 v1.5 Expandable calculations on big integers (HO
)
))
\Fld@menulength=\count287
\Field@Width=\dimen176
\Fld@charsize=\dimen177
Package hyperref Info: Hyper figures OFF on input line 6027.
Package hyperref Info: Link nesting OFF on input line 6032.
Package hyperref Info: Hyper index ON on input line 6035.
Package hyperref Info: backreferencing OFF on input line 6042.
Package hyperref Info: Link coloring OFF on input line 6047.
Package hyperref Info: Link coloring with OCG OFF on input line 6052.
Package hyperref Info: PDF/A mode OFF on input line 6057.

(C:\Users\ekaterina.bryanskaya\AppData\Local\Programs\MiKTeX\tex/latex/base\atb
egshi-ltx.sty
Package: atbegshi-ltx 2021/01/10 v1.0c Emulation of the original atbegshi
package with kernel methods
)
\Hy@abspage=\count288
\c@Item=\count289
\c@Hfootnote=\count290
)
Package hyperref Info: Driver (autodetected): hxetex.

(C:\Users\ekaterina.bryanskaya\AppData\Local\Programs\MiKTeX\tex/latex/hyperref
\hxetex.def
File: hxetex.def 2022-09-22 v7.00t Hyperref driver for XeTeX

(C:\Users\ekaterina.bryanskaya\AppData\Local\Programs\MiKTeX\tex/generic/string
enc\stringenc.sty
Package: stringenc 2019/11/29 v1.12 Convert strings between diff. encodings (HO
)
)
\pdfm@box=\box59
\c@Hy@AnnotLevel=\count291
\HyField@AnnotCount=\count292
\Fld@listcount=\count293
\c@bookmark@seq@number=\count294

(C:\Users\ekaterina.bryanskaya\AppData\Local\Programs\MiKTeX\tex/latex/rerunfil
echeck\rerunfilecheck.sty
Package: rerunfilecheck 2022-07-10 v1.10 Rerun checks for auxiliary files (HO)

(C:\Users\ekaterina.bryanskaya\AppData\Local\Programs\MiKTeX\tex/latex/base\atv
eryend-ltx.sty
Package: atveryend-ltx 2020/08/19 v1.0a Emulation of the original atveryend pac
kage
with kernel methods
)
(C:\Users\ekaterina.bryanskaya\AppData\Local\Programs\MiKTeX\tex/generic/unique
counter\uniquecounter.sty
Package: uniquecounter 2019/12/15 v1.4 Provide unlimited unique counter (HO)
)
Package uniquecounter Info: New unique counter `rerunfilecheck' on input line 2
85.
)
\Hy@SectionHShift=\skip54
)
Package hyperref Info: Option `colorlinks' set `true' on input line 66.

(C:\Users\ekaterina.bryanskaya\AppData\Local\Programs\MiKTeX\tex/latex/listings
\listings.sty
\lst@mode=\count295
\lst@gtempboxa=\box60
\lst@token=\toks23
\lst@length=\count296
\lst@currlwidth=\dimen178
\lst@column=\count297
\lst@pos=\count298
\lst@lostspace=\dimen179
\lst@width=\dimen180
\lst@newlines=\count299
\lst@lineno=\count300
\lst@maxwidth=\dimen181

(C:\Users\ekaterina.bryanskaya\AppData\Local\Programs\MiKTeX\tex/latex/listings
\lstmisc.sty
File: lstmisc.sty 2020/03/24 1.8d (Carsten Heinz)
\c@lstnumber=\count301
\lst@skipnumbers=\count302
\lst@framebox=\box61
)
(C:\Users\ekaterina.bryanskaya\AppData\Local\Programs\MiKTeX\tex/latex/listings
\listings.cfg
File: listings.cfg 2020/03/24 1.8d listings configuration
))
Package: listings 2020/03/24 1.8d (Carsten Heinz)

Package fontspec Info: Font family 'Arial(0)' created for font 'Arial' with
(fontspec)             options [Ligatures=TeX].
(fontspec)              
(fontspec)              This font family consists of the following NFSS
(fontspec)             series/shapes:
(fontspec)              
(fontspec)             - 'normal' (m/n) with NFSS spec.:
(fontspec)             <->"Arial/OT:script=latn;language=dflt;mapping=tex-text;
"
(fontspec)             - 'small caps'  (m/sc) with NFSS spec.:
(fontspec)             <->"Arial/OT:script=latn;language=dflt;+smcp;mapping=tex
-text;"
(fontspec)             - 'bold' (b/n) with NFSS spec.:
(fontspec)             <->"Arial/B/OT:script=latn;language=dflt;mapping=tex-tex
t;"
(fontspec)             - 'bold small caps'  (b/sc) with NFSS spec.:
(fontspec)             <->"Arial/B/OT:script=latn;language=dflt;+smcp;mapping=t
ex-text;"
(fontspec)             - 'italic' (m/it) with NFSS spec.:
(fontspec)             <->"Arial/I/OT:script=latn;language=dflt;mapping=tex-tex
t;"
(fontspec)             - 'italic small caps'  (m/scit) with NFSS spec.:
(fontspec)             <->"Arial/I/OT:script=latn;language=dflt;+smcp;mapping=t
ex-text;"
(fontspec)             - 'bold italic' (b/it) with NFSS spec.:
(fontspec)             <->"Arial/BI/OT:script=latn;language=dflt;mapping=tex-te
xt;"
(fontspec)             - 'bold italic small caps'  (b/scit) with NFSS spec.:
(fontspec)             <->"Arial/BI/OT:script=latn;language=dflt;+smcp;mapping=
tex-text;"


Package fontspec Info: Font family 'CourierNew(0)' created for font 'Courier
(fontspec)             New' with options
(fontspec)             [WordSpace={1,0,0},HyphenChar=None,PunctuationSpace=Word
Space].
(fontspec)              
(fontspec)              This font family consists of the following NFSS
(fontspec)             series/shapes:
(fontspec)              
(fontspec)             - 'normal' (m/n) with NFSS spec.: <->"Courier
(fontspec)             New/OT:script=latn;language=dflt;"
(fontspec)             - 'small caps'  (m/sc) with NFSS spec.: 
(fontspec)             and font adjustment code:
(fontspec)             \fontdimen 2\font =1\fontdimen 2\font \fontdimen 3\font
(fontspec)             =0\fontdimen 3\font \fontdimen 4\font =0\fontdimen
(fontspec)             4\font \fontdimen 7\font =0\fontdimen 2\font
(fontspec)             \tex_hyphenchar:D \font =-1\scan_stop: 
(fontspec)             - 'bold' (b/n) with NFSS spec.: <->"Courier
(fontspec)             New/B/OT:script=latn;language=dflt;"
(fontspec)             - 'bold small caps'  (b/sc) with NFSS spec.: 
(fontspec)             and font adjustment code:
(fontspec)             \fontdimen 2\font =1\fontdimen 2\font \fontdimen 3\font
(fontspec)             =0\fontdimen 3\font \fontdimen 4\font =0\fontdimen
(fontspec)             4\font \fontdimen 7\font =0\fontdimen 2\font
(fontspec)             \tex_hyphenchar:D \font =-1\scan_stop: 
(fontspec)             - 'italic' (m/it) with NFSS spec.: <->"Courier
(fontspec)             New/I/OT:script=latn;language=dflt;"
(fontspec)             - 'italic small caps'  (m/scit) with NFSS spec.: 
(fontspec)             and font adjustment code:
(fontspec)             \fontdimen 2\font =1\fontdimen 2\font \fontdimen 3\font
(fontspec)             =0\fontdimen 3\font \fontdimen 4\font =0\fontdimen
(fontspec)             4\font \fontdimen 7\font =0\fontdimen 2\font
(fontspec)             \tex_hyphenchar:D \font =-1\scan_stop: 
(fontspec)             - 'bold italic' (b/it) with NFSS spec.: <->"Courier
(fontspec)             New/BI/OT:script=latn;language=dflt;"
(fontspec)             - 'bold italic small caps'  (b/scit) with NFSS spec.: 
(fontspec)             and font adjustment code:
(fontspec)             \fontdimen 2\font =1\fontdimen 2\font \fontdimen 3\font
(fontspec)             =0\fontdimen 3\font \fontdimen 4\font =0\fontdimen
(fontspec)             4\font \fontdimen 7\font =0\fontdimen 2\font
(fontspec)             \tex_hyphenchar:D \font =-1\scan_stop: 


(C:\Users\ekaterina.bryanskaya\AppData\Local\Programs\MiKTeX\tex/latex/listings
\lstlang1.sty
File: lstlang1.sty 2020/03/24 1.8d listings language file
)
(C:\Users\ekaterina.bryanskaya\AppData\Local\Programs\MiKTeX\tex/latex/listings
\lstmisc.sty
File: lstmisc.sty 2020/03/24 1.8d (Carsten Heinz)
)
(C:\Users\ekaterina.bryanskaya\AppData\Local\Programs\MiKTeX\tex/latex/ulem\ule
m.sty
\UL@box=\box62
\UL@hyphenbox=\box63
\UL@skip=\skip55
\UL@hook=\toks24
\UL@height=\dimen182
\UL@pe=\count303
\UL@pixel=\dimen183
\ULC@box=\box64
Package: ulem 2019/11/18
\ULdepth=\dimen184
)
(C:\Users\ekaterina.bryanskaya\AppData\Local\Programs\MiKTeX\tex/latex/tools\hh
line.sty
Package: hhline 2020/01/04 v2.04 Table rule package (DPC)
)
(C:\Users\ekaterina.bryanskaya\AppData\Local\Programs\MiKTeX\tex/latex/totalcou
nt\totalcount.sty
Package: totalcount 2018/01/21 v1.0a Total values of counters (AR)
\c@totalcount@figure=\count304
\c@totalcount@table=\count305
)
(C:\Users\ekaterina.bryanskaya\AppData\Local\Programs\MiKTeX\tex/latex/graphics
\rotating.sty
Package: rotating 2016/08/11 v2.16d rotated objects in LaTeX

(C:\Users\ekaterina.bryanskaya\AppData\Local\Programs\MiKTeX\tex/latex/base\ift
hen.sty
Package: ifthen 2022/04/13 v1.1d Standard LaTeX ifthen package (DPC)
)
\c@r@tfl@t=\count306
\rotFPtop=\skip56
\rotFPbot=\skip57
\rot@float@box=\box65
\rot@mess@toks=\toks25
)
(C:\Users\ekaterina.bryanskaya\AppData\Local\Programs\MiKTeX\tex/latex/lastpage
\lastpage.sty
Package: lastpage 2021/09/03 v1.2n Refers to last page's name (HMM; JPG)
)
(C:\Users\ekaterina.bryanskaya\AppData\Local\Programs\MiKTeX\tex/latex/amsmath\
amsmath.sty
Package: amsmath 2022/04/08 v2.17n AMS math features
\@mathmargin=\skip58

For additional information on amsmath, use the `?' option.

(C:\Users\ekaterina.bryanskaya\AppData\Local\Programs\MiKTeX\tex/latex/amsmath\
amstext.sty
Package: amstext 2021/08/26 v2.01 AMS text

(C:\Users\ekaterina.bryanskaya\AppData\Local\Programs\MiKTeX\tex/latex/amsmath\
amsgen.sty
File: amsgen.sty 1999/11/30 v2.0 generic functions
\@emptytoks=\toks26
\ex@=\dimen185
))
(C:\Users\ekaterina.bryanskaya\AppData\Local\Programs\MiKTeX\tex/latex/amsmath\
amsbsy.sty
Package: amsbsy 1999/11/29 v1.2d Bold Symbols
\pmbraise@=\dimen186
)
(C:\Users\ekaterina.bryanskaya\AppData\Local\Programs\MiKTeX\tex/latex/amsmath\
amsopn.sty
Package: amsopn 2022/04/08 v2.04 operator names
)
\inf@bad=\count307
LaTeX Info: Redefining \frac on input line 234.
\uproot@=\count308
\leftroot@=\count309
LaTeX Info: Redefining \overline on input line 399.
LaTeX Info: Redefining \colon on input line 410.
\classnum@=\count310
\DOTSCASE@=\count311
LaTeX Info: Redefining \ldots on input line 496.
LaTeX Info: Redefining \dots on input line 499.
LaTeX Info: Redefining \cdots on input line 620.
\Mathstrutbox@=\box66
\strutbox@=\box67
LaTeX Info: Redefining \big on input line 722.
LaTeX Info: Redefining \Big on input line 723.
LaTeX Info: Redefining \bigg on input line 724.
LaTeX Info: Redefining \Bigg on input line 725.
\big@size=\dimen187
LaTeX Font Info:    Redeclaring font encoding OML on input line 743.
LaTeX Font Info:    Redeclaring font encoding OMS on input line 744.
\macc@depth=\count312
LaTeX Info: Redefining \bmod on input line 905.
LaTeX Info: Redefining \pmod on input line 910.
LaTeX Info: Redefining \smash on input line 940.
LaTeX Info: Redefining \relbar on input line 970.
LaTeX Info: Redefining \Relbar on input line 971.
\c@MaxMatrixCols=\count313
\dotsspace@=\muskip17
\c@parentequation=\count314
\dspbrk@lvl=\count315
\tag@help=\toks27
\row@=\count316
\column@=\count317
\maxfields@=\count318
\andhelp@=\toks28
\eqnshift@=\dimen188
\alignsep@=\dimen189
\tagshift@=\dimen190
\tagwidth@=\dimen191
\totwidth@=\dimen192
\lineht@=\dimen193
\@envbody=\toks29
\multlinegap=\skip59
\multlinetaggap=\skip60
\mathdisplay@stack=\toks30
LaTeX Info: Redefining \[ on input line 2953.
LaTeX Info: Redefining \] on input line 2954.
)
(C:\Users\ekaterina.bryanskaya\AppData\Local\Programs\MiKTeX\tex/latex/pdfpages
\pdfpages.sty
Package: pdfpages 2022/12/19 v0.5x Insert pages of external PDF documents (AM)

(C:\Users\ekaterina.bryanskaya\AppData\Local\Programs\MiKTeX\tex/latex/tools\ca
lc.sty
Package: calc 2017/05/25 v4.3 Infix arithmetic (KKT,FJ)
\calc@Acount=\count319
\calc@Bcount=\count320
\calc@Adimen=\dimen194
\calc@Bdimen=\dimen195
\calc@Askip=\skip61
\calc@Bskip=\skip62
LaTeX Info: Redefining \setlength on input line 80.
LaTeX Info: Redefining \addtolength on input line 81.
\calc@Ccount=\count321
\calc@Cskip=\skip63
)
(C:\Users\ekaterina.bryanskaya\AppData\Local\Programs\MiKTeX\tex/latex/eso-pic\
eso-pic.sty
Package: eso-pic 2020/10/14 v3.0a eso-pic (RN)
\ESO@tempdima=\dimen196
\ESO@tempdimb=\dimen197
)
\AM@pagewidth=\dimen198
\AM@pageheight=\dimen199
\AM@fboxrule=\dimen256

(C:\Users\ekaterina.bryanskaya\AppData\Local\Programs\MiKTeX\tex/latex/pdfpages
\ppxetex.def
File: ppxetex.def 2022/12/19 v0.5x Pdfpages driver for XeTeX (AM)
)
\pdfpages@includegraphics@status=\count322
\AM@pagebox=\box68
\AM@global@opts=\toks31
\AM@pagecnt=\count323
\AM@toc@title=\toks32
\AM@lof@heading=\toks33
\c@AM@survey=\count324
\AM@templatesizebox=\box69
)
(C:\Users\ekaterina.bryanskaya\AppData\Local\Programs\MiKTeX\tex/latex/svg\svg.
sty
Package: svg 2020/11/26 v2.02k (include SVG pictures)

(C:\Users\ekaterina.bryanskaya\AppData\Local\Programs\MiKTeX\tex/latex/koma-scr
ipt\scrbase.sty
Package: scrbase 2022/10/12 v3.38 KOMA-Script package (KOMA-Script-independent 
basics and keyval usage)

(C:\Users\ekaterina.bryanskaya\AppData\Local\Programs\MiKTeX\tex/latex/koma-scr
ipt\scrlfile.sty
Package: scrlfile 2022/10/12 v3.38 KOMA-Script package (file load hooks)

(C:\Users\ekaterina.bryanskaya\AppData\Local\Programs\MiKTeX\tex/latex/koma-scr
ipt\scrlfile-hook.sty
Package: scrlfile-hook 2022/10/12 v3.38 KOMA-Script package (using LaTeX hooks)


(C:\Users\ekaterina.bryanskaya\AppData\Local\Programs\MiKTeX\tex/latex/koma-scr
ipt\scrlogo.sty
Package: scrlogo 2022/10/12 v3.38 KOMA-Script package (logo)
)))
Applying: [2021/05/01] Usage of raw or classic option list on input line 252.
Already applied: [0000/00/00] Usage of raw or classic option list on input line
 368.
)
(C:\Users\ekaterina.bryanskaya\AppData\Local\Programs\MiKTeX\tex/latex/trimspac
es\trimspaces.sty
Package: trimspaces 2009/09/17 v1.1 Trim spaces around a token list
)
(C:\Users\ekaterina.bryanskaya\AppData\Local\Programs\MiKTeX\tex/latex/tools\sh
ellesc.sty
Package: shellesc 2019/11/08 v1.0c unified shell escape interface for LaTeX
Package shellesc Info: Restricted shell escape enabled on input line 77.
)
\c@svg@param@lastpage=\count325
\svg@box=\box70
\c@svg@param@currpage=\count326
)
(C:\Users\ekaterina.bryanskaya\AppData\Local\Programs\MiKTeX\tex/latex/xcolor\x
color.sty
Package: xcolor 2022/06/12 v2.14 LaTeX color extensions (UK)

(C:\Users\ekaterina.bryanskaya\AppData\Local\Programs\MiKTeX\tex/latex/graphics
-cfg\color.cfg
File: color.cfg 2016/01/02 v1.6 sample color configuration
)
Package xcolor Info: Driver file: xetex.def on input line 227.
LaTeX Info: Redefining \color on input line 711.

(C:\Users\ekaterina.bryanskaya\AppData\Local\Programs\MiKTeX\tex/latex/graphics
\mathcolor.ltx)
Package xcolor Info: Model `cmy' substituted by `cmy0' on input line 1353.
Package xcolor Info: Model `RGB' extended on input line 1369.
Package xcolor Info: Model `HTML' substituted by `rgb' on input line 1371.
Package xcolor Info: Model `Hsb' substituted by `hsb' on input line 1372.
Package xcolor Info: Model `tHsb' substituted by `hsb' on input line 1373.
Package xcolor Info: Model `HSB' substituted by `hsb' on input line 1374.
Package xcolor Info: Model `Gray' substituted by `gray' on input line 1375.
Package xcolor Info: Model `wave' substituted by `hsb' on input line 1376.
)
(C:\Users\ekaterina.bryanskaya\AppData\Local\Programs\MiKTeX\tex/latex/transpar
ent\transparent.sty
Package: transparent 2022-10-27 v1.5 Transparency with color stacks

(C:\Users\ekaterina.bryanskaya\AppData\Local\Programs\MiKTeX\tex/latex/transpar
ent\transparent-nometadata.sty
Package: transparent-nometadata 2022-10-27 v1.5 Transparency via pdfTeX's color
 stack (HO)


Package transparent Warning: Loading aborted, because pdfTeX is not running in 
PDF mode.

))
(C:\Users\ekaterina.bryanskaya\AppData\Local\Programs\MiKTeX\tex/latex/pgf/syst
emlayer\pgfsys.sty
(C:\Users\ekaterina.bryanskaya\AppData\Local\Programs\MiKTeX\tex/latex/pgf/util
ities\pgfrcs.sty
(C:\Users\ekaterina.bryanskaya\AppData\Local\Programs\MiKTeX\tex/generic/pgf/ut
ilities\pgfutil-common.tex
\pgfutil@everybye=\toks34
\pgfutil@tempdima=\dimen257
\pgfutil@tempdimb=\dimen258

(C:\Users\ekaterina.bryanskaya\AppData\Local\Programs\MiKTeX\tex/generic/pgf/ut
ilities\pgfutil-common-lists.tex))
(C:\Users\ekaterina.bryanskaya\AppData\Local\Programs\MiKTeX\tex/generic/pgf/ut
ilities\pgfutil-latex.def
\pgfutil@abb=\box71
)
(C:\Users\ekaterina.bryanskaya\AppData\Local\Programs\MiKTeX\tex/generic/pgf/ut
ilities\pgfrcs.code.tex
(C:\Users\ekaterina.bryanskaya\AppData\Local\Programs\MiKTeX\tex/generic/pgf\pg
f.revision.tex)
Package: pgfrcs 2021/05/15 v3.1.9a (3.1.9a)
))
(C:\Users\ekaterina.bryanskaya\AppData\Local\Programs\MiKTeX\tex/generic/pgf/sy
stemlayer\pgfsys.code.tex
Package: pgfsys 2021/05/15 v3.1.9a (3.1.9a)

(C:\Users\ekaterina.bryanskaya\AppData\Local\Programs\MiKTeX\tex/generic/pgf/ut
ilities\pgfkeys.code.tex
\pgfkeys@pathtoks=\toks35
\pgfkeys@temptoks=\toks36

(C:\Users\ekaterina.bryanskaya\AppData\Local\Programs\MiKTeX\tex/generic/pgf/ut
ilities\pgfkeysfiltered.code.tex
\pgfkeys@tmptoks=\toks37
))
\pgf@x=\dimen259
\pgf@y=\dimen260
\pgf@xa=\dimen261
\pgf@ya=\dimen262
\pgf@xb=\dimen263
\pgf@yb=\dimen264
\pgf@xc=\dimen265
\pgf@yc=\dimen266
\pgf@xd=\dimen267
\pgf@yd=\dimen268
\w@pgf@writea=\write3
\r@pgf@reada=\read3
\c@pgf@counta=\count327
\c@pgf@countb=\count328
\c@pgf@countc=\count329
\c@pgf@countd=\count330
\t@pgf@toka=\toks38
\t@pgf@tokb=\toks39
\t@pgf@tokc=\toks40
\pgf@sys@id@count=\count331

(C:\Users\ekaterina.bryanskaya\AppData\Local\Programs\MiKTeX\tex/generic/pgf/sy
stemlayer\pgf.cfg
File: pgf.cfg 2021/05/15 v3.1.9a (3.1.9a)
)
Driver file for pgf: pgfsys-xetex.def

(C:\Users\ekaterina.bryanskaya\AppData\Local\Programs\MiKTeX\tex/generic/pgf/sy
stemlayer\pgfsys-xetex.def
File: pgfsys-xetex.def 2021/05/15 v3.1.9a (3.1.9a)

(C:\Users\ekaterina.bryanskaya\AppData\Local\Programs\MiKTeX\tex/generic/pgf/sy
stemlayer\pgfsys-dvipdfmx.def
File: pgfsys-dvipdfmx.def 2021/05/15 v3.1.9a (3.1.9a)

(C:\Users\ekaterina.bryanskaya\AppData\Local\Programs\MiKTeX\tex/generic/pgf/sy
stemlayer\pgfsys-common-pdf.def
File: pgfsys-common-pdf.def 2021/05/15 v3.1.9a (3.1.9a)
)
\pgfsys@objnum=\count332
)))
(C:\Users\ekaterina.bryanskaya\AppData\Local\Programs\MiKTeX\tex/generic/pgf/sy
stemlayer\pgfsyssoftpath.code.tex
File: pgfsyssoftpath.code.tex 2021/05/15 v3.1.9a (3.1.9a)
\pgfsyssoftpath@smallbuffer@items=\count333
\pgfsyssoftpath@bigbuffer@items=\count334
)
(C:\Users\ekaterina.bryanskaya\AppData\Local\Programs\MiKTeX\tex/generic/pgf/sy
stemlayer\pgfsysprotocol.code.tex
File: pgfsysprotocol.code.tex 2021/05/15 v3.1.9a (3.1.9a)
))
(C:\Users\ekaterina.bryanskaya\AppData\Local\Programs\MiKTeX\tex/latex/multirow
\multirow.sty
Package: multirow 2021/03/15 v2.8 Span multiple rows of a table
\multirow@colwidth=\skip64
\multirow@cntb=\count335
\multirow@dima=\skip65
\bigstrutjot=\dimen269
)
(C:\Users\ekaterina.bryanskaya\AppData\Local\Programs\MiKTeX\tex/latex/tools\lo
ngtable.sty
Package: longtable 2021-09-01 v4.17 Multi-page Table package (DPC)
\LTleft=\skip66
\LTright=\skip67
\LTpre=\skip68
\LTpost=\skip69
\LTchunksize=\count336
\LTcapwidth=\dimen270
\LT@head=\box72
\LT@firsthead=\box73
\LT@foot=\box74
\LT@lastfoot=\box75
\LT@gbox=\box76
\LT@cols=\count337
\LT@rows=\count338
\c@LT@tables=\count339
\c@LT@chunks=\count340
\LT@p@ftn=\toks41
)
(C:\Users\ekaterina.bryanskaya\AppData\Local\Programs\MiKTeX\tex/latex/chngcntr
\chngcntr.sty
Package: chngcntr 2018/04/09 v1.1a change counter resetting
Package chngcntr Info: \counterwithout already defined.
(chngcntr)             Quitting chngcntr on input line 21.
))
(C:\Users\ekaterina.bryanskaya\AppData\Local\Programs\MiKTeX\tex/latex/pgfplots
\pgfplots.sty
(C:\Users\ekaterina.bryanskaya\AppData\Local\Programs\MiKTeX\tex/generic/pgfplo
ts\pgfplots.revision.tex)
Package: pgfplots 2021/05/15 v1.18.1 Data Visualization (1.18.1)

(C:\Users\ekaterina.bryanskaya\AppData\Local\Programs\MiKTeX\tex/latex/pgf/fron
tendlayer\tikz.sty
(C:\Users\ekaterina.bryanskaya\AppData\Local\Programs\MiKTeX\tex/latex/pgf/basi
clayer\pgf.sty
Package: pgf 2021/05/15 v3.1.9a (3.1.9a)

(C:\Users\ekaterina.bryanskaya\AppData\Local\Programs\MiKTeX\tex/latex/pgf/basi
clayer\pgfcore.sty
(C:\Users\ekaterina.bryanskaya\AppData\Local\Programs\MiKTeX\tex/generic/pgf/ba
siclayer\pgfcore.code.tex
Package: pgfcore 2021/05/15 v3.1.9a (3.1.9a)

(C:\Users\ekaterina.bryanskaya\AppData\Local\Programs\MiKTeX\tex/generic/pgf/ma
th\pgfmath.code.tex
(C:\Users\ekaterina.bryanskaya\AppData\Local\Programs\MiKTeX\tex/generic/pgf/ma
th\pgfmathcalc.code.tex
(C:\Users\ekaterina.bryanskaya\AppData\Local\Programs\MiKTeX\tex/generic/pgf/ma
th\pgfmathutil.code.tex)
(C:\Users\ekaterina.bryanskaya\AppData\Local\Programs\MiKTeX\tex/generic/pgf/ma
th\pgfmathparser.code.tex
\pgfmath@dimen=\dimen271
\pgfmath@count=\count341
\pgfmath@box=\box77
\pgfmath@toks=\toks42
\pgfmath@stack@operand=\toks43
\pgfmath@stack@operation=\toks44
)
(C:\Users\ekaterina.bryanskaya\AppData\Local\Programs\MiKTeX\tex/generic/pgf/ma
th\pgfmathfunctions.code.tex
(C:\Users\ekaterina.bryanskaya\AppData\Local\Programs\MiKTeX\tex/generic/pgf/ma
th\pgfmathfunctions.basic.code.tex)
(C:\Users\ekaterina.bryanskaya\AppData\Local\Programs\MiKTeX\tex/generic/pgf/ma
th\pgfmathfunctions.trigonometric.code.tex)
(C:\Users\ekaterina.bryanskaya\AppData\Local\Programs\MiKTeX\tex/generic/pgf/ma
th\pgfmathfunctions.random.code.tex)
(C:\Users\ekaterina.bryanskaya\AppData\Local\Programs\MiKTeX\tex/generic/pgf/ma
th\pgfmathfunctions.comparison.code.tex)
(C:\Users\ekaterina.bryanskaya\AppData\Local\Programs\MiKTeX\tex/generic/pgf/ma
th\pgfmathfunctions.base.code.tex)
(C:\Users\ekaterina.bryanskaya\AppData\Local\Programs\MiKTeX\tex/generic/pgf/ma
th\pgfmathfunctions.round.code.tex)
(C:\Users\ekaterina.bryanskaya\AppData\Local\Programs\MiKTeX\tex/generic/pgf/ma
th\pgfmathfunctions.misc.code.tex)
(C:\Users\ekaterina.bryanskaya\AppData\Local\Programs\MiKTeX\tex/generic/pgf/ma
th\pgfmathfunctions.integerarithmetics.code.tex)))
(C:\Users\ekaterina.bryanskaya\AppData\Local\Programs\MiKTeX\tex/generic/pgf/ma
th\pgfmathfloat.code.tex
\c@pgfmathroundto@lastzeros=\count342
))
(C:\Users\ekaterina.bryanskaya\AppData\Local\Programs\MiKTeX\tex/generic/pgf/ma
th\pgfint.code.tex)
(C:\Users\ekaterina.bryanskaya\AppData\Local\Programs\MiKTeX\tex/generic/pgf/ba
siclayer\pgfcorepoints.code.tex
File: pgfcorepoints.code.tex 2021/05/15 v3.1.9a (3.1.9a)
\pgf@picminx=\dimen272
\pgf@picmaxx=\dimen273
\pgf@picminy=\dimen274
\pgf@picmaxy=\dimen275
\pgf@pathminx=\dimen276
\pgf@pathmaxx=\dimen277
\pgf@pathminy=\dimen278
\pgf@pathmaxy=\dimen279
\pgf@xx=\dimen280
\pgf@xy=\dimen281
\pgf@yx=\dimen282
\pgf@yy=\dimen283
\pgf@zx=\dimen284
\pgf@zy=\dimen285
)
(C:\Users\ekaterina.bryanskaya\AppData\Local\Programs\MiKTeX\tex/generic/pgf/ba
siclayer\pgfcorepathconstruct.code.tex
File: pgfcorepathconstruct.code.tex 2021/05/15 v3.1.9a (3.1.9a)
\pgf@path@lastx=\dimen286
\pgf@path@lasty=\dimen287
)
(C:\Users\ekaterina.bryanskaya\AppData\Local\Programs\MiKTeX\tex/generic/pgf/ba
siclayer\pgfcorepathusage.code.tex
File: pgfcorepathusage.code.tex 2021/05/15 v3.1.9a (3.1.9a)
\pgf@shorten@end@additional=\dimen288
\pgf@shorten@start@additional=\dimen289
)
(C:\Users\ekaterina.bryanskaya\AppData\Local\Programs\MiKTeX\tex/generic/pgf/ba
siclayer\pgfcorescopes.code.tex
File: pgfcorescopes.code.tex 2021/05/15 v3.1.9a (3.1.9a)
\pgfpic=\box78
\pgf@hbox=\box79
\pgf@layerbox@main=\box80
\pgf@picture@serial@count=\count343
)
(C:\Users\ekaterina.bryanskaya\AppData\Local\Programs\MiKTeX\tex/generic/pgf/ba
siclayer\pgfcoregraphicstate.code.tex
File: pgfcoregraphicstate.code.tex 2021/05/15 v3.1.9a (3.1.9a)
\pgflinewidth=\dimen290
)
(C:\Users\ekaterina.bryanskaya\AppData\Local\Programs\MiKTeX\tex/generic/pgf/ba
siclayer\pgfcoretransformations.code.tex
File: pgfcoretransformations.code.tex 2021/05/15 v3.1.9a (3.1.9a)
\pgf@pt@x=\dimen291
\pgf@pt@y=\dimen292
\pgf@pt@temp=\dimen293
)
(C:\Users\ekaterina.bryanskaya\AppData\Local\Programs\MiKTeX\tex/generic/pgf/ba
siclayer\pgfcorequick.code.tex
File: pgfcorequick.code.tex 2021/05/15 v3.1.9a (3.1.9a)
)
(C:\Users\ekaterina.bryanskaya\AppData\Local\Programs\MiKTeX\tex/generic/pgf/ba
siclayer\pgfcoreobjects.code.tex
File: pgfcoreobjects.code.tex 2021/05/15 v3.1.9a (3.1.9a)
)
(C:\Users\ekaterina.bryanskaya\AppData\Local\Programs\MiKTeX\tex/generic/pgf/ba
siclayer\pgfcorepathprocessing.code.tex
File: pgfcorepathprocessing.code.tex 2021/05/15 v3.1.9a (3.1.9a)
)
(C:\Users\ekaterina.bryanskaya\AppData\Local\Programs\MiKTeX\tex/generic/pgf/ba
siclayer\pgfcorearrows.code.tex
File: pgfcorearrows.code.tex 2021/05/15 v3.1.9a (3.1.9a)
\pgfarrowsep=\dimen294
)
(C:\Users\ekaterina.bryanskaya\AppData\Local\Programs\MiKTeX\tex/generic/pgf/ba
siclayer\pgfcoreshade.code.tex
File: pgfcoreshade.code.tex 2021/05/15 v3.1.9a (3.1.9a)
\pgf@max=\dimen295
\pgf@sys@shading@range@num=\count344
\pgf@shadingcount=\count345
)
(C:\Users\ekaterina.bryanskaya\AppData\Local\Programs\MiKTeX\tex/generic/pgf/ba
siclayer\pgfcoreimage.code.tex
File: pgfcoreimage.code.tex 2021/05/15 v3.1.9a (3.1.9a)

(C:\Users\ekaterina.bryanskaya\AppData\Local\Programs\MiKTeX\tex/generic/pgf/ba
siclayer\pgfcoreexternal.code.tex
File: pgfcoreexternal.code.tex 2021/05/15 v3.1.9a (3.1.9a)
\pgfexternal@startupbox=\box81
))
(C:\Users\ekaterina.bryanskaya\AppData\Local\Programs\MiKTeX\tex/generic/pgf/ba
siclayer\pgfcorelayers.code.tex
File: pgfcorelayers.code.tex 2021/05/15 v3.1.9a (3.1.9a)
)
(C:\Users\ekaterina.bryanskaya\AppData\Local\Programs\MiKTeX\tex/generic/pgf/ba
siclayer\pgfcoretransparency.code.tex
File: pgfcoretransparency.code.tex 2021/05/15 v3.1.9a (3.1.9a)
)
(C:\Users\ekaterina.bryanskaya\AppData\Local\Programs\MiKTeX\tex/generic/pgf/ba
siclayer\pgfcorepatterns.code.tex
File: pgfcorepatterns.code.tex 2021/05/15 v3.1.9a (3.1.9a)
)
(C:\Users\ekaterina.bryanskaya\AppData\Local\Programs\MiKTeX\tex/generic/pgf/ba
siclayer\pgfcorerdf.code.tex
File: pgfcorerdf.code.tex 2021/05/15 v3.1.9a (3.1.9a)
)))
(C:\Users\ekaterina.bryanskaya\AppData\Local\Programs\MiKTeX\tex/generic/pgf/mo
dules\pgfmoduleshapes.code.tex
File: pgfmoduleshapes.code.tex 2021/05/15 v3.1.9a (3.1.9a)
\pgfnodeparttextbox=\box82
)
(C:\Users\ekaterina.bryanskaya\AppData\Local\Programs\MiKTeX\tex/generic/pgf/mo
dules\pgfmoduleplot.code.tex
File: pgfmoduleplot.code.tex 2021/05/15 v3.1.9a (3.1.9a)
)
(C:\Users\ekaterina.bryanskaya\AppData\Local\Programs\MiKTeX\tex/latex/pgf/comp
atibility\pgfcomp-version-0-65.sty
Package: pgfcomp-version-0-65 2021/05/15 v3.1.9a (3.1.9a)
\pgf@nodesepstart=\dimen296
\pgf@nodesepend=\dimen297
)
(C:\Users\ekaterina.bryanskaya\AppData\Local\Programs\MiKTeX\tex/latex/pgf/comp
atibility\pgfcomp-version-1-18.sty
Package: pgfcomp-version-1-18 2021/05/15 v3.1.9a (3.1.9a)
))
(C:\Users\ekaterina.bryanskaya\AppData\Local\Programs\MiKTeX\tex/latex/pgf/util
ities\pgffor.sty
(C:\Users\ekaterina.bryanskaya\AppData\Local\Programs\MiKTeX\tex/latex/pgf/util
ities\pgfkeys.sty
(C:\Users\ekaterina.bryanskaya\AppData\Local\Programs\MiKTeX\tex/generic/pgf/ut
ilities\pgfkeys.code.tex))
(C:\Users\ekaterina.bryanskaya\AppData\Local\Programs\MiKTeX\tex/latex/pgf/math
\pgfmath.sty
(C:\Users\ekaterina.bryanskaya\AppData\Local\Programs\MiKTeX\tex/generic/pgf/ma
th\pgfmath.code.tex))
(C:\Users\ekaterina.bryanskaya\AppData\Local\Programs\MiKTeX\tex/generic/pgf/ut
ilities\pgffor.code.tex
Package: pgffor 2021/05/15 v3.1.9a (3.1.9a)

(C:\Users\ekaterina.bryanskaya\AppData\Local\Programs\MiKTeX\tex/generic/pgf/ma
th\pgfmath.code.tex)
\pgffor@iter=\dimen298
\pgffor@skip=\dimen299
\pgffor@stack=\toks45
\pgffor@toks=\toks46
))
(C:\Users\ekaterina.bryanskaya\AppData\Local\Programs\MiKTeX\tex/generic/pgf/fr
ontendlayer/tikz\tikz.code.tex
Package: tikz 2021/05/15 v3.1.9a (3.1.9a)

(C:\Users\ekaterina.bryanskaya\AppData\Local\Programs\MiKTeX\tex/generic/pgf/li
braries\pgflibraryplothandlers.code.tex
File: pgflibraryplothandlers.code.tex 2021/05/15 v3.1.9a (3.1.9a)
\pgf@plot@mark@count=\count346
\pgfplotmarksize=\dimen300
)
\tikz@lastx=\dimen301
\tikz@lasty=\dimen302
\tikz@lastxsaved=\dimen303
\tikz@lastysaved=\dimen304
\tikz@lastmovetox=\dimen305
\tikz@lastmovetoy=\dimen306
\tikzleveldistance=\dimen307
\tikzsiblingdistance=\dimen308
\tikz@figbox=\box83
\tikz@figbox@bg=\box84
\tikz@tempbox=\box85
\tikz@tempbox@bg=\box86
\tikztreelevel=\count347
\tikznumberofchildren=\count348
\tikznumberofcurrentchild=\count349
\tikz@fig@count=\count350

(C:\Users\ekaterina.bryanskaya\AppData\Local\Programs\MiKTeX\tex/generic/pgf/mo
dules\pgfmodulematrix.code.tex
File: pgfmodulematrix.code.tex 2021/05/15 v3.1.9a (3.1.9a)
\pgfmatrixcurrentrow=\count351
\pgfmatrixcurrentcolumn=\count352
\pgf@matrix@numberofcolumns=\count353
)
\tikz@expandcount=\count354

(C:\Users\ekaterina.bryanskaya\AppData\Local\Programs\MiKTeX\tex/generic/pgf/fr
ontendlayer/tikz/libraries\tikzlibrarytopaths.code.tex
File: tikzlibrarytopaths.code.tex 2021/05/15 v3.1.9a (3.1.9a)
)))
(C:\Users\ekaterina.bryanskaya\AppData\Local\Programs\MiKTeX\tex/generic/pgfplo
ts\pgfplots.code.tex
(C:\Users\ekaterina.bryanskaya\AppData\Local\Programs\MiKTeX\tex/generic/pgfplo
ts\pgfplotscore.code.tex
\t@pgfplots@toka=\toks47
\t@pgfplots@tokb=\toks48
\t@pgfplots@tokc=\toks49
\pgfplots@tmpa=\dimen309
\c@pgfplots@coordindex=\count355
\c@pgfplots@scanlineindex=\count356

(C:\Users\ekaterina.bryanskaya\AppData\Local\Programs\MiKTeX\tex/generic/pgfplo
ts/sys\pgfplotssysgeneric.code.tex))
(C:\Users\ekaterina.bryanskaya\AppData\Local\Programs\MiKTeX\tex/generic/pgfplo
ts/libs\pgfplotslibrary.code.tex)
(C:\Users\ekaterina.bryanskaya\AppData\Local\Programs\MiKTeX\tex/generic/pgfplo
ts/oldpgfcompatib\pgfplotsoldpgfsupp_loader.code.tex
(C:\Users\ekaterina.bryanskaya\AppData\Local\Programs\MiKTeX\tex/generic/pgf/li
braries\pgflibraryfpu.code.tex))
(C:\Users\ekaterina.bryanskaya\AppData\Local\Programs\MiKTeX\tex/generic/pgfplo
ts/util\pgfplotsutil.code.tex
(C:\Users\ekaterina.bryanskaya\AppData\Local\Programs\MiKTeX\tex/generic/pgfplo
ts/liststructure\pgfplotsliststructure.code.tex)
(C:\Users\ekaterina.bryanskaya\AppData\Local\Programs\MiKTeX\tex/generic/pgfplo
ts/liststructure\pgfplotsliststructureext.code.tex)
(C:\Users\ekaterina.bryanskaya\AppData\Local\Programs\MiKTeX\tex/generic/pgfplo
ts/liststructure\pgfplotsarray.code.tex
\c@pgfplotsarray@tmp=\count357
)
(C:\Users\ekaterina.bryanskaya\AppData\Local\Programs\MiKTeX\tex/generic/pgfplo
ts/liststructure\pgfplotsmatrix.code.tex)
(C:\Users\ekaterina.bryanskaya\AppData\Local\Programs\MiKTeX\tex/generic/pgfplo
ts/numtable\pgfplotstableshared.code.tex
\c@pgfplotstable@counta=\count358
\t@pgfplotstable@a=\toks50
)
(C:\Users\ekaterina.bryanskaya\AppData\Local\Programs\MiKTeX\tex/generic/pgfplo
ts/liststructure\pgfplotsdeque.code.tex)
(C:\Users\ekaterina.bryanskaya\AppData\Local\Programs\MiKTeX\tex/generic/pgfplo
ts/util\pgfplotsbinary.code.tex
(C:\Users\ekaterina.bryanskaya\AppData\Local\Programs\MiKTeX\tex/generic/pgfplo
ts/util\pgfplotsbinary.data.code.tex))
(C:\Users\ekaterina.bryanskaya\AppData\Local\Programs\MiKTeX\tex/generic/pgfplo
ts/util\pgfplotsutil.verb.code.tex)
(C:\Users\ekaterina.bryanskaya\AppData\Local\Programs\MiKTeX\tex/generic/pgfplo
ts/libs\pgflibrarypgfplots.surfshading.code.tex
\c@pgfplotslibrarysurf@no=\count359

(C:\Users\ekaterina.bryanskaya\AppData\Local\Programs\MiKTeX\tex/generic/pgfplo
ts/sys\pgflibrarypgfplots.surfshading.pgfsys-xetex.def
(C:\Users\ekaterina.bryanskaya\AppData\Local\Programs\MiKTeX\tex/generic/pgfplo
ts/sys\pgflibrarypgfplots.surfshading.pgfsys-dvipdfmx.def
\c@pgfplotslibrarysurf@streamlen=\count360
))))
(C:\Users\ekaterina.bryanskaya\AppData\Local\Programs\MiKTeX\tex/generic/pgfplo
ts/util\pgfplotscolormap.code.tex
(C:\Users\ekaterina.bryanskaya\AppData\Local\Programs\MiKTeX\tex/generic/pgfplo
ts/util\pgfplotscolor.code.tex))
(C:\Users\ekaterina.bryanskaya\AppData\Local\Programs\MiKTeX\tex/generic/pgfplo
ts\pgfplotsstackedplots.code.tex)
(C:\Users\ekaterina.bryanskaya\AppData\Local\Programs\MiKTeX\tex/generic/pgfplo
ts\pgfplotsplothandlers.code.tex
(C:\Users\ekaterina.bryanskaya\AppData\Local\Programs\MiKTeX\tex/generic/pgfplo
ts\pgfplotsmeshplothandler.code.tex
(C:\Users\ekaterina.bryanskaya\AppData\Local\Programs\MiKTeX\tex/generic/pgfplo
ts\pgfplotsmeshplotimage.code.tex)))
(C:\Users\ekaterina.bryanskaya\AppData\Local\Programs\MiKTeX\tex/generic/pgfplo
ts\pgfplots.scaling.code.tex)
(C:\Users\ekaterina.bryanskaya\AppData\Local\Programs\MiKTeX\tex/generic/pgfplo
ts\pgfplotscoordprocessing.code.tex)
(C:\Users\ekaterina.bryanskaya\AppData\Local\Programs\MiKTeX\tex/generic/pgfplo
ts\pgfplots.errorbars.code.tex)
(C:\Users\ekaterina.bryanskaya\AppData\Local\Programs\MiKTeX\tex/generic/pgfplo
ts\pgfplots.markers.code.tex)
(C:\Users\ekaterina.bryanskaya\AppData\Local\Programs\MiKTeX\tex/generic/pgfplo
ts\pgfplotsticks.code.tex)
(C:\Users\ekaterina.bryanskaya\AppData\Local\Programs\MiKTeX\tex/generic/pgfplo
ts\pgfplots.paths.code.tex)
(C:\Users\ekaterina.bryanskaya\AppData\Local\Programs\MiKTeX\tex/generic/pgf/fr
ontendlayer/tikz/libraries\tikzlibrarydecorations.code.tex
(C:\Users\ekaterina.bryanskaya\AppData\Local\Programs\MiKTeX\tex/generic/pgf/mo
dules\pgfmoduledecorations.code.tex
\pgfdecoratedcompleteddistance=\dimen310
\pgfdecoratedremainingdistance=\dimen311
\pgfdecoratedinputsegmentcompleteddistance=\dimen312
\pgfdecoratedinputsegmentremainingdistance=\dimen313
\pgf@decorate@distancetomove=\dimen314
\pgf@decorate@repeatstate=\count361
\pgfdecorationsegmentamplitude=\dimen315
\pgfdecorationsegmentlength=\dimen316
)
\tikz@lib@dec@box=\box87
)
(C:\Users\ekaterina.bryanskaya\AppData\Local\Programs\MiKTeX\tex/generic/pgf/fr
ontendlayer/tikz/libraries\tikzlibrarydecorations.pathmorphing.code.tex
(C:\Users\ekaterina.bryanskaya\AppData\Local\Programs\MiKTeX\tex/generic/pgf/li
braries/decorations\pgflibrarydecorations.pathmorphing.code.tex))
(C:\Users\ekaterina.bryanskaya\AppData\Local\Programs\MiKTeX\tex/generic/pgf/fr
ontendlayer/tikz/libraries\tikzlibrarydecorations.pathreplacing.code.tex
(C:\Users\ekaterina.bryanskaya\AppData\Local\Programs\MiKTeX\tex/generic/pgf/li
braries/decorations\pgflibrarydecorations.pathreplacing.code.tex))
(C:\Users\ekaterina.bryanskaya\AppData\Local\Programs\MiKTeX\tex/generic/pgfplo
ts/libs\tikzlibrarypgfplots.contourlua.code.tex)
\pgfplots@numplots=\count362
\pgfplots@xmin@reg=\dimen317
\pgfplots@xmax@reg=\dimen318
\pgfplots@ymin@reg=\dimen319
\pgfplots@ymax@reg=\dimen320
\pgfplots@zmin@reg=\dimen321
\pgfplots@zmax@reg=\dimen322
)
(C:\Users\ekaterina.bryanskaya\AppData\Local\Programs\MiKTeX\tex/generic/pgf/fr
ontendlayer/tikz/libraries\tikzlibraryplotmarks.code.tex
File: tikzlibraryplotmarks.code.tex 2021/05/15 v3.1.9a (3.1.9a)

(C:\Users\ekaterina.bryanskaya\AppData\Local\Programs\MiKTeX\tex/generic/pgf/li
braries\pgflibraryplotmarks.code.tex
File: pgflibraryplotmarks.code.tex 2021/05/15 v3.1.9a (3.1.9a)
)))

LaTeX Warning: Unused global option(s):
    [ut8x].

(main.aux (inc/03-intro.aux) (inc/10-analysis.aux) (inc/20-design.aux)
(inc/30-technology.aux) (inc/50-conclusion.aux) (inc/60-bibliography.aux)
(inc/70-application.aux))
\openout1 = `main.aux'.

LaTeX Font Info:    Checking defaults for OML/cmm/m/it on input line 5.
LaTeX Font Info:    ... okay on input line 5.
LaTeX Font Info:    Checking defaults for OMS/cmsy/m/n on input line 5.
LaTeX Font Info:    ... okay on input line 5.
LaTeX Font Info:    Checking defaults for OT1/cmr/m/n on input line 5.
LaTeX Font Info:    ... okay on input line 5.
LaTeX Font Info:    Checking defaults for T1/cmr/m/n on input line 5.
LaTeX Font Info:    ... okay on input line 5.
LaTeX Font Info:    Checking defaults for TS1/cmr/m/n on input line 5.
LaTeX Font Info:    Trying to load font information for TS1+cmr on input line 5
.

(C:\Users\ekaterina.bryanskaya\AppData\Local\Programs\MiKTeX\tex/latex/base\ts1
cmr.fd
File: ts1cmr.fd 2019/12/16 v2.5j Standard LaTeX font definitions
)
LaTeX Font Info:    ... okay on input line 5.
LaTeX Font Info:    Checking defaults for TU/lmr/m/n on input line 5.
LaTeX Font Info:    ... okay on input line 5.
LaTeX Font Info:    Checking defaults for OMX/cmex/m/n on input line 5.
LaTeX Font Info:    ... okay on input line 5.
LaTeX Font Info:    Checking defaults for U/cmr/m/n on input line 5.
LaTeX Font Info:    ... okay on input line 5.
LaTeX Font Info:    Checking defaults for PD1/pdf/m/n on input line 5.
LaTeX Font Info:    ... okay on input line 5.
LaTeX Font Info:    Checking defaults for PU/pdf/m/n on input line 5.
LaTeX Font Info:    ... okay on input line 5.
LaTeX Info: Redefining \th on input line 5.

Package fontspec Info: Adjusting the maths setup (use [no-math] to avoid
(fontspec)             this).

\symlegacymaths=\mathgroup6
LaTeX Font Info:    Overwriting symbol font `legacymaths' in version `bold'
(Font)                  OT1/cmr/m/n --> OT1/cmr/bx/n on input line 5.
LaTeX Font Info:    Redeclaring math accent \acute on input line 5.
LaTeX Font Info:    Redeclaring math accent \grave on input line 5.
LaTeX Font Info:    Redeclaring math accent \ddot on input line 5.
LaTeX Font Info:    Redeclaring math accent \tilde on input line 5.
LaTeX Font Info:    Redeclaring math accent \bar on input line 5.
LaTeX Font Info:    Redeclaring math accent \breve on input line 5.
LaTeX Font Info:    Redeclaring math accent \check on input line 5.
LaTeX Font Info:    Redeclaring math accent \hat on input line 5.
LaTeX Font Info:    Redeclaring math accent \dot on input line 5.
LaTeX Font Info:    Redeclaring math accent \mathring on input line 5.
LaTeX Font Info:    Redeclaring math symbol \Gamma on input line 5.
LaTeX Font Info:    Redeclaring math symbol \Delta on input line 5.
LaTeX Font Info:    Redeclaring math symbol \Theta on input line 5.
LaTeX Font Info:    Redeclaring math symbol \Lambda on input line 5.
LaTeX Font Info:    Redeclaring math symbol \Xi on input line 5.
LaTeX Font Info:    Redeclaring math symbol \Pi on input line 5.
LaTeX Font Info:    Redeclaring math symbol \Sigma on input line 5.
LaTeX Font Info:    Redeclaring math symbol \Upsilon on input line 5.
LaTeX Font Info:    Redeclaring math symbol \Phi on input line 5.
LaTeX Font Info:    Redeclaring math symbol \Psi on input line 5.
LaTeX Font Info:    Redeclaring math symbol \Omega on input line 5.
LaTeX Font Info:    Redeclaring math symbol \mathdollar on input line 5.
LaTeX Font Info:    Redeclaring symbol font `operators' on input line 5.
LaTeX Font Info:    Encoding `OT1' has changed to `TU' for symbol font
(Font)              `operators' in the math version `normal' on input line 5.
LaTeX Font Info:    Overwriting symbol font `operators' in version `normal'
(Font)                  OT1/cmr/m/n --> TU/TimesNewRoman(0)/m/n on input line 5
.
LaTeX Font Info:    Encoding `OT1' has changed to `TU' for symbol font
(Font)              `operators' in the math version `bold' on input line 5.
LaTeX Font Info:    Overwriting symbol font `operators' in version `bold'
(Font)                  OT1/cmr/bx/n --> TU/TimesNewRoman(0)/m/n on input line 
5.
LaTeX Font Info:    Overwriting symbol font `operators' in version `normal'
(Font)                  TU/TimesNewRoman(0)/m/n --> TU/TimesNewRoman(0)/m/n on 
input line 5.
LaTeX Font Info:    Overwriting math alphabet `\mathit' in version `normal'
(Font)                  OT1/cmr/m/it --> TU/TimesNewRoman(0)/m/it on input line
 5.
LaTeX Font Info:    Overwriting math alphabet `\mathbf' in version `normal'
(Font)                  OT1/cmr/bx/n --> TU/TimesNewRoman(0)/b/n on input line 
5.
LaTeX Font Info:    Overwriting math alphabet `\mathsf' in version `normal'
(Font)                  OT1/cmss/m/n --> TU/Arial(0)/m/n on input line 5.
LaTeX Font Info:    Overwriting math alphabet `\mathtt' in version `normal'
(Font)                  OT1/cmtt/m/n --> TU/CourierNew(0)/m/n on input line 5.
LaTeX Font Info:    Overwriting symbol font `operators' in version `bold'
(Font)                  TU/TimesNewRoman(0)/m/n --> TU/TimesNewRoman(0)/b/n on 
input line 5.
LaTeX Font Info:    Overwriting math alphabet `\mathit' in version `bold'
(Font)                  OT1/cmr/bx/it --> TU/TimesNewRoman(0)/b/it on input lin
e 5.
LaTeX Font Info:    Overwriting math alphabet `\mathsf' in version `bold'
(Font)                  OT1/cmss/bx/n --> TU/Arial(0)/b/n on input line 5.
LaTeX Font Info:    Overwriting math alphabet `\mathtt' in version `bold'
(Font)                  OT1/cmtt/m/n --> TU/CourierNew(0)/b/n on input line 5.

*geometry* driver: auto-detecting
*geometry* detected driver: xetex
*geometry* verbose mode - [ preamble ] result:
* driver: xetex
* paper: a4paper
* layout: <same size as paper>
* layoutoffset:(h,v)=(0.0pt,0.0pt)
* modes: 
* h-part:(L,W,R)=(85.35826pt, 483.69687pt, 28.45274pt)
* v-part:(T,H,B)=(56.9055pt, 731.23584pt, 56.9055pt)
* \paperwidth=597.50787pt
* \paperheight=845.04684pt
* \textwidth=483.69687pt
* \textheight=731.23584pt
* \oddsidemargin=13.08827pt
* \evensidemargin=13.08827pt
* \topmargin=-54.36449pt
* \headheight=14.0pt
* \headsep=25.0pt
* \topskip=14.0pt
* \footskip=30.0pt
* \marginparwidth=15.0pt
* \marginparsep=10.0pt
* \columnsep=10.0pt
* \skip\footins=12.0pt plus 4.0pt minus 2.0pt
* \hoffset=0.0pt
* \voffset=0.0pt
* \mag=1000
* \@twocolumnfalse
* \@twosidefalse
* \@mparswitchfalse
* \@reversemarginfalse
* (1in=72.27pt=25.4mm, 1cm=28.453pt)

Package caption Info: Begin \AtBeginDocument code.
Package caption Info: hyperref package is loaded.
Package caption Info: listings package is loaded.
Package caption Info: longtable package is loaded.

(C:\Users\ekaterina.bryanskaya\AppData\Local\Programs\MiKTeX\tex/latex/caption\
ltcaption.sty
Package: ltcaption 2021/01/08 v1.4c longtable captions (AR)
)
Package caption Info: rotating package is loaded.
Package caption Info: End \AtBeginDocument code.
Package hyperref Info: Link coloring ON on input line 5.
 (main.out) (main.out)
\@outlinefile=\write4
\openout4 = `main.out'.

\c@lstlisting=\count363
Package lastpage Info: Please have a look at the pageslts package at
(lastpage)             https://www.ctan.org/pkg/pageslts
(lastpage)             ! on input line 5.

(C:\Users\ekaterina.bryanskaya\AppData\Local\Programs\MiKTeX\tex/latex/pdflscap
e\pdflscape.sty
Package: pdflscape 2022-10-27 v0.13 Display of landscape pages in PDF

(C:\Users\ekaterina.bryanskaya\AppData\Local\Programs\MiKTeX\tex/latex/pdflscap
e\pdflscape-nometadata.sty
Package: pdflscape-nometadata 2022-10-28 v0.13 Display of landscape pages in PD
F (HO)

(C:\Users\ekaterina.bryanskaya\AppData\Local\Programs\MiKTeX\tex/latex/graphics
\lscape.sty
Package: lscape 2020/05/28 v3.02 Landscape Pages (DPC)
)
Package pdflscape Info: Auto-detected driver: dvipdfm (xetex) on input line 98.

))

Package pgfplots Warning: running in backwards compatibility mode (unsuitable t
ick labels; missing features). Consider writing \pgfplotsset{compat=1.18} into 
your preamble.
 on input line 5.

File: inc/00-title.pdf Graphic file (type pdf)
<use inc/00-title.pdf>
File: inc/00-title.pdf Graphic file (type pdf)
<use inc/00-title.pdf>
File: inc/00-title.pdf Graphic file (type pdf)
<use inc/00-title.pdf, page 1>
File: inc/00-title.pdf Graphic file (type pdf)
<use inc/00-title.pdf, page 1>
File: inc/00-title.pdf Graphic file (type pdf)
<use inc/00-title.pdf, page 1>
File: inc/00-title.pdf Graphic file (type pdf)
<use inc/00-title.pdf, page 1>
File: inc/00-title.pdf Graphic file (type pdf)
<use inc/00-title.pdf, page 1>
[1

]
File: inc/01-task.pdf Graphic file (type pdf)
<use inc/01-task.pdf>
File: inc/01-task.pdf Graphic file (type pdf)
<use inc/01-task.pdf>
File: inc/01-task.pdf Graphic file (type pdf)
<use inc/01-task.pdf, page 1>
File: inc/01-task.pdf Graphic file (type pdf)
<use inc/01-task.pdf, page 1>
File: inc/01-task.pdf Graphic file (type pdf)
<use inc/01-task.pdf, page 1>
File: inc/01-task.pdf Graphic file (type pdf)
<use inc/01-task.pdf, page 1>
File: inc/01-task.pdf Graphic file (type pdf)
<use inc/01-task.pdf, page 1>
 [2] (main.toc
LaTeX Font Info:    Trying to load font information for U+msa on input line 4.

(C:\Users\ekaterina.bryanskaya\AppData\Local\Programs\MiKTeX\tex/latex/amsfonts
\umsa.fd
File: umsa.fd 2013/01/14 v3.01 AMS symbols A
)
LaTeX Font Info:    Trying to load font information for U+msb on input line 4.

(C:\Users\ekaterina.bryanskaya\AppData\Local\Programs\MiKTeX\tex/latex/amsfonts
\umsb.fd
File: umsb.fd 2013/01/14 v3.01 AMS symbols B
))
\tf@toc=\write5
\openout5 = `main.toc'.

 [3]
\openout2 = `inc/03-intro.aux'.

 (inc/03-intro.tex
Overfull \hbox (6.15733pt too wide) in paragraph at lines 23--24
[]\TU/TimesNewRoman(0)/m/n/14.4    , 
  -
 []

) [4

]
\openout2 = `inc/10-analysis.aux'.

 (inc/10-analysis.tex [5



] [6]
Overfull \hbox (4.38785pt too wide) in paragraph at lines 49--51
\TU/TimesNewRoman(0)/m/n/14.4      
 , -
 []


Underfull \hbox (badness 10000) in paragraph at lines 56--57

 []

[7]
Overfull \hbox (3.4077pt too wide) in paragraph at lines 63--64
[]\TU/TimesNewRoman(0)/m/n/14.4  ,    
   
 []


Underfull \hbox (badness 10000) in paragraph at lines 65--66

 []


Overfull \hbox (0.94714pt too wide) in paragraph at lines 72--73
\TU/TimesNewRoman(0)/m/n/14.4    ,
   -
 []

[8]
Underfull \hbox (badness 10000) in paragraph at lines 81--82

 []

File: img/[all process].pdf Graphic file (type pdf)
<use img/[all process].pdf>

LaTeX Warning: `h' float specifier changed to `ht'.

[9]
Overfull \hbox (15.15222pt too wide) in paragraph at lines 98--99
[]\TU/TimesNewRoman(0)/m/n/14.4      
 ( 1),  -
 []

[10]
Underfull \hbox (badness 10000) in paragraph at lines 106--107

 []


Overfull \hbox (2.33424pt too wide) in paragraph at lines 109--110
[]\TU/TimesNewRoman(0)/m/n/14.4  ,     
   -
 []


Overfull \hbox (23.23517pt too wide) in paragraph at lines 111--112
\TU/TimesNewRoman(0)/m/n/14.4      
: , -
 []

) [11]
\openout2 = `inc/20-design.aux'.

 (inc/20-design.tex
Overfull \hbox (1.84602pt too wide) in paragraph at lines 6--7
\TU/TimesNewRoman(0)/m/n/14.4    gRPC,   
 -  UDP. 
 []

File: img/[general][master].pdf Graphic file (type pdf)
<use img/[general][master].pdf>
File: img/[items][master][auth].pdf Graphic file (type pdf)
<use img/[items][master][auth].pdf>

LaTeX Warning: `!h' float specifier changed to `!ht'.

[12



] [13]
File: img/[items][master][share].pdf Graphic file (type pdf)
<use img/[items][master][share].pdf>

Overfull \hbox (3.0851pt too wide) in paragraph at lines 178--178
[]|\TU/TimesNewRoman(0)/m/n/14.4 timestamp| 
 []


Overfull \hbox (3.0851pt too wide) in paragraph at lines 183--183
[]|\TU/TimesNewRoman(0)/m/n/14.4 timestamp| 
 []

[14]
Underfull \hbox (badness 1005) in paragraph at lines 210--211
[]|\TU/TimesNewRoman(0)/m/n/14.4      
 []

[15]
Overfull \hbox (3.0851pt too wide) in paragraph at lines 282--282
[]|\TU/TimesNewRoman(0)/m/n/14.4 timestamp| 
 []


Overfull \hbox (3.0851pt too wide) in paragraph at lines 287--287
[]|\TU/TimesNewRoman(0)/m/n/14.4 timestamp| 
 []


Overfull \hbox (5.15726pt too wide) in paragraph at lines 291--292
[]\TU/TimesNewRoman(0)/m/n/14.4    2   
  -
 []


Underfull \hbox (badness 1005) in paragraph at lines 314--315
[]|\TU/TimesNewRoman(0)/m/n/14.4      
 []

[16]
Overfull \hbox (11.29597pt too wide) in paragraph at lines 354--355
\TU/TimesNewRoman(0)/m/n/14.4     
  -
 []

File: img/[general][media].pdf Graphic file (type pdf)
<use img/[general][media].pdf>

Overfull \hbox (0.871pt too wide) in paragraph at lines 364--365
\TU/TimesNewRoman(0)/m/n/14.4   (  3  [][]8[][
])  -  -
 []

[17]
File: img/[items][media].pdf Graphic file (type pdf)
<use img/[items][media].pdf>
 [18]
Overfull \hbox (7.43887pt too wide) in paragraph at lines 455--456
[]\TU/TimesNewRoman(0)/m/n/14.4      
  -
 []

) [19]
\openout2 = `inc/30-technology.aux'.

 (inc/30-technology.tex
Overfull \hbox (16.16586pt too wide) in paragraph at lines 4--6
[]\TU/TimesNewRoman(0)/m/n/14.4       Py
thon 3 [[]],  -
 []


Underfull \hbox (badness 10000) in paragraph at lines 8--9

 []


Underfull \hbox (badness 10000) in paragraph at lines 15--16

 []

[20



]) [21]
\openout2 = `inc/50-conclusion.aux'.

 (inc/50-conclusion.tex) [22



]
\openout2 = `inc/60-bibliography.aux'.

 (inc/60-bibliography.tex
Underfull \hbox (badness 6204) in paragraph at lines 7--8
\TU/TimesNewRoman(0)/m/n/14.4   : https://www.fortunebusinessinsig
hts.com/video-streaming-
 []


Underfull \hbox (badness 7133) in paragraph at lines 9--10
[]\TU/TimesNewRoman(0)/m/n/14.4     
 -
 []


Underfull \hbox (badness 5175) in paragraph at lines 9--10
\TU/TimesNewRoman(0)/m/n/14.4        
 -
 []


Underfull \hbox (badness 1881) in paragraph at lines 9--10
\TU/TimesNewRoman(0)/m/n/14.4   //  .  . 2014
. 2 (151). URL:
 []


Underfull \hbox (badness 10000) in paragraph at lines 9--10
\TU/TimesNewRoman(0)/m/n/14.4 https://cyberleninka.ru/article/n/algoritm-raspre
deleniya-potokovogo-trafika-i-
 []


Underfull \hbox (badness 3690) in paragraph at lines 9--10
\TU/TimesNewRoman(0)/m/n/14.4 trafika-realnogo-vremeni-v-geterogennoy-besprovod
noy-seti ( :
 []


Underfull \hbox (badness 10000) in paragraph at lines 17--18
[]\TU/TimesNewRoman(0)/m/n/14.4   Python 3 [ ]. 
 :
 []

) [23



]
\openout2 = `inc/70-application.aux'.

 (inc/70-application.tex) [24



] 
AED: lastpage setting LastPage
(main.aux (inc/03-intro.aux) (inc/10-analysis.aux) (inc/20-design.aux)
(inc/30-technology.aux) (inc/50-conclusion.aux) (inc/60-bibliography.aux)
(inc/70-application.aux))
Package rerunfilecheck Info: File `main.out' has not changed.
(rerunfilecheck)             Checksum: BED4ED20A48CC81EFF7C296665840834;5425.
 ) 
Here is how much of TeX's memory you used:
 39756 strings out of 410532
 935904 string characters out of 2810255
 1495151 words of memory out of 3000000
 60202 multiletter control sequences out of 15000+600000
 477297 words of font info for 100 fonts, out of 8000000 for 9000
 1348 hyphenation exceptions out of 8191
 101i,17n,99p,738b,479s stack positions out of 10000i,1000n,20000p,200000b,80000s

Output written on main.pdf (24 pages).
